#
# There is insufficient memory for the Java Runtime Environment to continue.
# Native memory allocation (mmap) failed to map 187695104 bytes for Failed to commit area from 0x000000071ab00000 to 0x0000000725e00000 of length 187695104.
# Possible reasons:
#   The system is out of physical RAM or swap space
#   The process is running with CompressedOops enabled, and the Java Heap may be blocking the growth of the native heap
# Possible solutions:
#   Reduce memory load on the system
#   Increase physical memory or swap space
#   Check if swap backing store is full
#   Decrease Java heap size (-Xmx/-Xms)
#   Decrease number of Java threads
#   Decrease Java thread stack sizes (-Xss)
#   Set larger code cache with -XX:ReservedCodeCacheSize=
#   JVM is running with Zero Based Compressed Oops mode in which the Java heap is
#     placed in the first 32GB address space. The Java Heap base address is the
#     maximum limit for the native heap growth. Please use -XX:HeapBaseMinAddress
#     to set the Java Heap base and to place the Java Heap above 32GB virtual address.
# This output file may be truncated or incomplete.
#
#  Out of Memory Error (./src/hotspot/os/windows/os_windows.cpp:3386), pid=4268, tid=34256
#
# JRE version: OpenJDK Runtime Environment Corretto-11.0.17.8.1 (11.0.17+8) (build 11.0.17+8-LTS)
# Java VM: OpenJDK 64-Bit Server VM Corretto-11.0.17.8.1 (11.0.17+8-LTS, mixed mode, tiered, compressed oops, g1 gc, windows-amd64)
# No core dump will be written. Minidumps are not enabled by default on client versions of Windows
#

---------------  S U M M A R Y ------------

Command Line: -Dfile.encoding=windows-1252 -Duser.country=US -Duser.language=en -Duser.variant org.example.Main

Host: 11th Gen Intel(R) Core(TM) i5-1135G7 @ 2.40GHz, 8 cores, 15G,  Windows 11 , 64 bit Build 22621 (10.0.22621.1485)
Time: Fri Apr 28 12:11:58 2023 India Standard Time elapsed time: 3.693298 seconds (0d 0h 0m 3s)

---------------  T H R E A D  ---------------

Current thread (0x0000013fc59a7000):  JavaThread "main" [_thread_in_vm, id=34256, stack(0x00000004d1900000,0x00000004d1a00000)]

Stack: [0x00000004d1900000,0x00000004d1a00000]
Native frames: (J=compiled Java code, j=interpreted, Vv=VM code, C=native code)
V  [jvm.dll+0x61f66a]
V  [jvm.dll+0x7ac889]
V  [jvm.dll+0x7adf78]
V  [jvm.dll+0x7ae653]
V  [jvm.dll+0x24fbe8]
V  [jvm.dll+0x61c97a]
V  [jvm.dll+0x611105]
V  [jvm.dll+0x307b2c]
V  [jvm.dll+0x3079b2]
V  [jvm.dll+0x30c6c6]
V  [jvm.dll+0x352d5f]
V  [jvm.dll+0x352790]
V  [jvm.dll+0x2e537c]
V  [jvm.dll+0x2e11f2]
V  [jvm.dll+0x5b3f12]
V  [jvm.dll+0x5b3a3a]
V  [jvm.dll+0x1f68bd]
V  [jvm.dll+0x361c9d]
V  [jvm.dll+0x6828c2]
C  0x0000013fce21d329

Java frames: (J=compiled Java code, j=interpreted, Vv=VM code)
v  ~RuntimeStub::_new_array_Java
J 512% c2 org.example.codingDProblems.DProblems.moveAllZerosToEnd()V (408 bytes) @ 0x0000013fd5c1a628 [0x0000013fd5c1a0c0+0x0000000000000568]
j  org.example.Main.main([Ljava/lang/String;)V+833
v  ~StubRoutines::call_stub

---------------  P R O C E S S  ---------------

Threads class SMR info:
_java_thread_list=0x0000013fea059130, length=10, elements={
0x0000013fc59a7000, 0x0000013fe95ea000, 0x0000013fe9e9d000, 0x0000013fe9efa000,
0x0000013fe9efb800, 0x0000013fe9efd800, 0x0000013fe9eff000, 0x0000013fe9f0e000,
0x0000013fe9f12800, 0x0000013fea083800
}

Java Threads: ( => current thread )
=>0x0000013fc59a7000 JavaThread "main" [_thread_in_vm, id=34256, stack(0x00000004d1900000,0x00000004d1a00000)]
  0x0000013fe95ea000 JavaThread "Reference Handler" daemon [_thread_blocked, id=24544, stack(0x00000004d2000000,0x00000004d2100000)]
  0x0000013fe9e9d000 JavaThread "Finalizer" daemon [_thread_blocked, id=31472, stack(0x00000004d2100000,0x00000004d2200000)]
  0x0000013fe9efa000 JavaThread "Signal Dispatcher" daemon [_thread_blocked, id=13280, stack(0x00000004d2200000,0x00000004d2300000)]
  0x0000013fe9efb800 JavaThread "Attach Listener" daemon [_thread_blocked, id=19580, stack(0x00000004d2300000,0x00000004d2400000)]
  0x0000013fe9efd800 JavaThread "Service Thread" daemon [_thread_blocked, id=28540, stack(0x00000004d2400000,0x00000004d2500000)]
  0x0000013fe9eff000 JavaThread "C2 CompilerThread0" daemon [_thread_blocked, id=13684, stack(0x00000004d2500000,0x00000004d2600000)]
  0x0000013fe9f0e000 JavaThread "C1 CompilerThread0" daemon [_thread_blocked, id=28340, stack(0x00000004d2600000,0x00000004d2700000)]
  0x0000013fe9f12800 JavaThread "Sweeper thread" daemon [_thread_blocked, id=28120, stack(0x00000004d2700000,0x00000004d2800000)]
  0x0000013fea083800 JavaThread "Common-Cleaner" daemon [_thread_blocked, id=24804, stack(0x00000004d2900000,0x00000004d2a00000)]

Other Threads:
  0x0000013fe95e5000 VMThread "VM Thread" [stack: 0x00000004d1f00000,0x00000004d2000000] [id=15912]
  0x0000013fea07a000 WatcherThread [stack: 0x00000004d2800000,0x00000004d2900000] [id=17388]
  0x0000013fc59c2000 GCTaskThread "GC Thread#0" [stack: 0x00000004d1a00000,0x00000004d1b00000] [id=31208]
  0x0000013fea476800 GCTaskThread "GC Thread#1" [stack: 0x00000004d3100000,0x00000004d3200000] [id=7304]
  0x0000013fea555800 GCTaskThread "GC Thread#2" [stack: 0x00000004d3200000,0x00000004d3300000] [id=10284]
  0x0000013fea57c800 GCTaskThread "GC Thread#3" [stack: 0x00000004d3300000,0x00000004d3400000] [id=27632]
  0x0000013fea57d800 GCTaskThread "GC Thread#4" [stack: 0x00000004d3400000,0x00000004d3500000] [id=9980]
  0x0000013fea57e000 GCTaskThread "GC Thread#5" [stack: 0x00000004d3500000,0x00000004d3600000] [id=11568]
  0x0000013fea460000 GCTaskThread "GC Thread#6" [stack: 0x00000004d3700000,0x00000004d3800000] [id=12944]
  0x0000013fea4e8000 GCTaskThread "GC Thread#7" [stack: 0x00000004d3800000,0x00000004d3900000] [id=31968]
  0x0000013fc5a1d800 ConcurrentGCThread "G1 Main Marker" [stack: 0x00000004d1b00000,0x00000004d1c00000] [id=8488]
  0x0000013fc5a1f800 ConcurrentGCThread "G1 Conc#0" [stack: 0x00000004d1c00000,0x00000004d1d00000] [id=29268]
  0x0000013fea57f800 ConcurrentGCThread "G1 Conc#1" [stack: 0x00000004d3600000,0x00000004d3700000] [id=7060]
  0x0000013fe94d5000 ConcurrentGCThread "G1 Refine#0" [stack: 0x00000004d1d00000,0x00000004d1e00000] [id=24572]
  0x0000013fea582000 ConcurrentGCThread "G1 Refine#1" [stack: 0x00000004d2a00000,0x00000004d2b00000] [id=25480]
  0x0000013fea4eb800 ConcurrentGCThread "G1 Refine#2" [stack: 0x00000004d2b00000,0x00000004d2c00000] [id=14984]
  0x0000013fea4ec000 ConcurrentGCThread "G1 Refine#3" [stack: 0x00000004d2c00000,0x00000004d2d00000] [id=22156]
  0x0000013fea481000 ConcurrentGCThread "G1 Refine#4" [stack: 0x00000004d2d00000,0x00000004d2e00000] [id=25604]
  0x0000013fea580800 ConcurrentGCThread "G1 Refine#5" [stack: 0x00000004d2e00000,0x00000004d2f00000] [id=8280]
  0x0000013fea4ea000 ConcurrentGCThread "G1 Refine#6" [stack: 0x00000004d2f00000,0x00000004d3000000] [id=2372]
  0x0000013fea474000 ConcurrentGCThread "G1 Refine#7" [stack: 0x00000004d3000000,0x00000004d3100000] [id=6068]
  0x0000013fe94d8800 ConcurrentGCThread "G1 Young RemSet Sampling" [stack: 0x00000004d1e00000,0x00000004d1f00000] [id=11172]

Threads with active compile tasks:

VM state:not at safepoint (normal execution)

VM Mutex/Monitor currently owned by a thread:  ([mutex/lock_event])
[0x0000013fc59a3c30] Heap_lock - owner thread: 0x0000013fc59a7000

Heap address: 0x0000000703600000, size: 4042 MB, Compressed Oops mode: Zero based, Oop shift amount: 3
Narrow klass base: 0x0000000800000000, Narrow klass shift: 0
Compressed class space size: 1073741824 Address: 0x0000000800000000

Heap:
 garbage-first heap   total 565248K, used 204873K [0x0000000703600000, 0x0000000800000000)
  region size 1024K, 2 young (2048K), 2 survivors (2048K)
 Metaspace       used 6259K, capacity 6487K, committed 6656K, reserved 1056768K
  class space    used 601K, capacity 688K, committed 768K, reserved 1048576K
Heap Regions: E=young(eden), S=young(survivor), O=old, HS=humongous(starts), HC=humongous(continues), CS=collection set, F=free, A=archive, TAMS=top-at-mark-start (previous, next)
|   0|0x0000000703600000, 0x0000000703600000, 0x0000000703700000|  0%| F|  |TAMS 0x0000000703600000, 0x0000000703600000| Untracked 
|   1|0x0000000703700000, 0x0000000703700000, 0x0000000703800000|  0%| F|  |TAMS 0x0000000703700000, 0x0000000703700000| Untracked 
|   2|0x0000000703800000, 0x0000000703800000, 0x0000000703900000|  0%| F|  |TAMS 0x0000000703800000, 0x0000000703800000| Untracked 
|   3|0x0000000703900000, 0x0000000703900000, 0x0000000703a00000|  0%| F|  |TAMS 0x0000000703900000, 0x0000000703900000| Untracked 
|   4|0x0000000703a00000, 0x0000000703a00000, 0x0000000703b00000|  0%| F|  |TAMS 0x0000000703a00000, 0x0000000703a00000| Untracked 
|   5|0x0000000703b00000, 0x0000000703b00000, 0x0000000703c00000|  0%| F|  |TAMS 0x0000000703b00000, 0x0000000703b00000| Untracked 
|   6|0x0000000703c00000, 0x0000000703c00000, 0x0000000703d00000|  0%| F|  |TAMS 0x0000000703c00000, 0x0000000703c00000| Untracked 
|   7|0x0000000703d00000, 0x0000000703d00000, 0x0000000703e00000|  0%| F|  |TAMS 0x0000000703d00000, 0x0000000703d00000| Untracked 
|   8|0x0000000703e00000, 0x0000000703e00000, 0x0000000703f00000|  0%| F|  |TAMS 0x0000000703e00000, 0x0000000703e00000| Untracked 
|   9|0x0000000703f00000, 0x0000000703f00000, 0x0000000704000000|  0%| F|  |TAMS 0x0000000703f00000, 0x0000000703f00000| Untracked 
|  10|0x0000000704000000, 0x0000000704000000, 0x0000000704100000|  0%| F|  |TAMS 0x0000000704000000, 0x0000000704000000| Untracked 
|  11|0x0000000704100000, 0x0000000704100000, 0x0000000704200000|  0%| F|  |TAMS 0x0000000704100000, 0x0000000704100000| Untracked 
|  12|0x0000000704200000, 0x0000000704200000, 0x0000000704300000|  0%| F|  |TAMS 0x0000000704200000, 0x0000000704200000| Untracked 
|  13|0x0000000704300000, 0x0000000704300000, 0x0000000704400000|  0%| F|  |TAMS 0x0000000704300000, 0x0000000704300000| Untracked 
|  14|0x0000000704400000, 0x0000000704400000, 0x0000000704500000|  0%| F|  |TAMS 0x0000000704400000, 0x0000000704400000| Untracked 
|  15|0x0000000704500000, 0x0000000704500000, 0x0000000704600000|  0%| F|  |TAMS 0x0000000704500000, 0x0000000704500000| Untracked 
|  16|0x0000000704600000, 0x0000000704600000, 0x0000000704700000|  0%| F|  |TAMS 0x0000000704600000, 0x0000000704600000| Untracked 
|  17|0x0000000704700000, 0x0000000704700000, 0x0000000704800000|  0%| F|  |TAMS 0x0000000704700000, 0x0000000704700000| Untracked 
|  18|0x0000000704800000, 0x0000000704800000, 0x0000000704900000|  0%| F|  |TAMS 0x0000000704800000, 0x0000000704800000| Untracked 
|  19|0x0000000704900000, 0x0000000704900000, 0x0000000704a00000|  0%| F|  |TAMS 0x0000000704900000, 0x0000000704900000| Untracked 
|  20|0x0000000704a00000, 0x0000000704a00000, 0x0000000704b00000|  0%| F|  |TAMS 0x0000000704a00000, 0x0000000704a00000| Untracked 
|  21|0x0000000704b00000, 0x0000000704b00000, 0x0000000704c00000|  0%| F|  |TAMS 0x0000000704b00000, 0x0000000704b00000| Untracked 
|  22|0x0000000704c00000, 0x0000000704c00000, 0x0000000704d00000|  0%| F|  |TAMS 0x0000000704c00000, 0x0000000704c00000| Untracked 
|  23|0x0000000704d00000, 0x0000000704d00000, 0x0000000704e00000|  0%| F|  |TAMS 0x0000000704d00000, 0x0000000704d00000| Untracked 
|  24|0x0000000704e00000, 0x0000000704e00000, 0x0000000704f00000|  0%| F|  |TAMS 0x0000000704e00000, 0x0000000704e00000| Untracked 
|  25|0x0000000704f00000, 0x0000000704f00000, 0x0000000705000000|  0%| F|  |TAMS 0x0000000704f00000, 0x0000000704f00000| Untracked 
|  26|0x0000000705000000, 0x0000000705000000, 0x0000000705100000|  0%| F|  |TAMS 0x0000000705000000, 0x0000000705000000| Untracked 
|  27|0x0000000705100000, 0x0000000705100000, 0x0000000705200000|  0%| F|  |TAMS 0x0000000705100000, 0x0000000705100000| Untracked 
|  28|0x0000000705200000, 0x0000000705200000, 0x0000000705300000|  0%| F|  |TAMS 0x0000000705200000, 0x0000000705200000| Untracked 
|  29|0x0000000705300000, 0x0000000705300000, 0x0000000705400000|  0%| F|  |TAMS 0x0000000705300000, 0x0000000705300000| Untracked 
|  30|0x0000000705400000, 0x0000000705400000, 0x0000000705500000|  0%| F|  |TAMS 0x0000000705400000, 0x0000000705400000| Untracked 
|  31|0x0000000705500000, 0x0000000705500000, 0x0000000705600000|  0%| F|  |TAMS 0x0000000705500000, 0x0000000705500000| Untracked 
|  32|0x0000000705600000, 0x0000000705600000, 0x0000000705700000|  0%| F|  |TAMS 0x0000000705600000, 0x0000000705600000| Untracked 
|  33|0x0000000705700000, 0x0000000705700000, 0x0000000705800000|  0%| F|  |TAMS 0x0000000705700000, 0x0000000705700000| Untracked 
|  34|0x0000000705800000, 0x0000000705800000, 0x0000000705900000|  0%| F|  |TAMS 0x0000000705800000, 0x0000000705800000| Untracked 
|  35|0x0000000705900000, 0x0000000705900000, 0x0000000705a00000|  0%| F|  |TAMS 0x0000000705900000, 0x0000000705900000| Untracked 
|  36|0x0000000705a00000, 0x0000000705a00000, 0x0000000705b00000|  0%| F|  |TAMS 0x0000000705a00000, 0x0000000705a00000| Untracked 
|  37|0x0000000705b00000, 0x0000000705b00000, 0x0000000705c00000|  0%| F|  |TAMS 0x0000000705b00000, 0x0000000705b00000| Untracked 
|  38|0x0000000705c00000, 0x0000000705c00000, 0x0000000705d00000|  0%| F|  |TAMS 0x0000000705c00000, 0x0000000705c00000| Untracked 
|  39|0x0000000705d00000, 0x0000000705d00000, 0x0000000705e00000|  0%| F|  |TAMS 0x0000000705d00000, 0x0000000705d00000| Untracked 
|  40|0x0000000705e00000, 0x0000000705e00000, 0x0000000705f00000|  0%| F|  |TAMS 0x0000000705e00000, 0x0000000705e00000| Untracked 
|  41|0x0000000705f00000, 0x0000000705f00000, 0x0000000706000000|  0%| F|  |TAMS 0x0000000705f00000, 0x0000000705f00000| Untracked 
|  42|0x0000000706000000, 0x0000000706000000, 0x0000000706100000|  0%| F|  |TAMS 0x0000000706000000, 0x0000000706000000| Untracked 
|  43|0x0000000706100000, 0x0000000706100000, 0x0000000706200000|  0%| F|  |TAMS 0x0000000706100000, 0x0000000706100000| Untracked 
|  44|0x0000000706200000, 0x0000000706200000, 0x0000000706300000|  0%| F|  |TAMS 0x0000000706200000, 0x0000000706200000| Untracked 
|  45|0x0000000706300000, 0x0000000706300000, 0x0000000706400000|  0%| F|  |TAMS 0x0000000706300000, 0x0000000706300000| Untracked 
|  46|0x0000000706400000, 0x0000000706400000, 0x0000000706500000|  0%| F|  |TAMS 0x0000000706400000, 0x0000000706400000| Untracked 
|  47|0x0000000706500000, 0x0000000706500000, 0x0000000706600000|  0%| F|  |TAMS 0x0000000706500000, 0x0000000706500000| Untracked 
|  48|0x0000000706600000, 0x0000000706600000, 0x0000000706700000|  0%| F|  |TAMS 0x0000000706600000, 0x0000000706600000| Untracked 
|  49|0x0000000706700000, 0x0000000706700000, 0x0000000706800000|  0%| F|  |TAMS 0x0000000706700000, 0x0000000706700000| Untracked 
|  50|0x0000000706800000, 0x0000000706800000, 0x0000000706900000|  0%| F|  |TAMS 0x0000000706800000, 0x0000000706800000| Untracked 
|  51|0x0000000706900000, 0x0000000706900000, 0x0000000706a00000|  0%| F|  |TAMS 0x0000000706900000, 0x0000000706900000| Untracked 
|  52|0x0000000706a00000, 0x0000000706a00000, 0x0000000706b00000|  0%| F|  |TAMS 0x0000000706a00000, 0x0000000706a00000| Untracked 
|  53|0x0000000706b00000, 0x0000000706b00000, 0x0000000706c00000|  0%| F|  |TAMS 0x0000000706b00000, 0x0000000706b00000| Untracked 
|  54|0x0000000706c00000, 0x0000000706c00000, 0x0000000706d00000|  0%| F|  |TAMS 0x0000000706c00000, 0x0000000706c00000| Untracked 
|  55|0x0000000706d00000, 0x0000000706d00000, 0x0000000706e00000|  0%| F|  |TAMS 0x0000000706d00000, 0x0000000706d00000| Untracked 
|  56|0x0000000706e00000, 0x0000000706e00000, 0x0000000706f00000|  0%| F|  |TAMS 0x0000000706e00000, 0x0000000706e00000| Untracked 
|  57|0x0000000706f00000, 0x0000000706f00000, 0x0000000707000000|  0%| F|  |TAMS 0x0000000706f00000, 0x0000000706f00000| Untracked 
|  58|0x0000000707000000, 0x0000000707000000, 0x0000000707100000|  0%| F|  |TAMS 0x0000000707000000, 0x0000000707000000| Untracked 
|  59|0x0000000707100000, 0x0000000707100000, 0x0000000707200000|  0%| F|  |TAMS 0x0000000707100000, 0x0000000707100000| Untracked 
|  60|0x0000000707200000, 0x0000000707200000, 0x0000000707300000|  0%| F|  |TAMS 0x0000000707200000, 0x0000000707200000| Untracked 
|  61|0x0000000707300000, 0x0000000707300000, 0x0000000707400000|  0%| F|  |TAMS 0x0000000707300000, 0x0000000707300000| Untracked 
|  62|0x0000000707400000, 0x0000000707400000, 0x0000000707500000|  0%| F|  |TAMS 0x0000000707400000, 0x0000000707400000| Untracked 
|  63|0x0000000707500000, 0x0000000707500000, 0x0000000707600000|  0%| F|  |TAMS 0x0000000707500000, 0x0000000707500000| Untracked 
|  64|0x0000000707600000, 0x0000000707600000, 0x0000000707700000|  0%| F|  |TAMS 0x0000000707600000, 0x0000000707600000| Untracked 
|  65|0x0000000707700000, 0x0000000707700000, 0x0000000707800000|  0%| F|  |TAMS 0x0000000707700000, 0x0000000707700000| Untracked 
|  66|0x0000000707800000, 0x0000000707800000, 0x0000000707900000|  0%| F|  |TAMS 0x0000000707800000, 0x0000000707800000| Untracked 
|  67|0x0000000707900000, 0x0000000707900000, 0x0000000707a00000|  0%| F|  |TAMS 0x0000000707900000, 0x0000000707900000| Untracked 
|  68|0x0000000707a00000, 0x0000000707a00000, 0x0000000707b00000|  0%| F|  |TAMS 0x0000000707a00000, 0x0000000707a00000| Untracked 
|  69|0x0000000707b00000, 0x0000000707b00000, 0x0000000707c00000|  0%| F|  |TAMS 0x0000000707b00000, 0x0000000707b00000| Untracked 
|  70|0x0000000707c00000, 0x0000000707c00000, 0x0000000707d00000|  0%| F|  |TAMS 0x0000000707c00000, 0x0000000707c00000| Untracked 
|  71|0x0000000707d00000, 0x0000000707d00000, 0x0000000707e00000|  0%| F|  |TAMS 0x0000000707d00000, 0x0000000707d00000| Untracked 
|  72|0x0000000707e00000, 0x0000000707e00000, 0x0000000707f00000|  0%| F|  |TAMS 0x0000000707e00000, 0x0000000707e00000| Untracked 
|  73|0x0000000707f00000, 0x0000000707f00000, 0x0000000708000000|  0%| F|  |TAMS 0x0000000707f00000, 0x0000000707f00000| Untracked 
|  74|0x0000000708000000, 0x0000000708000000, 0x0000000708100000|  0%| F|  |TAMS 0x0000000708000000, 0x0000000708000000| Untracked 
|  75|0x0000000708100000, 0x0000000708100000, 0x0000000708200000|  0%| F|  |TAMS 0x0000000708100000, 0x0000000708100000| Untracked 
|  76|0x0000000708200000, 0x0000000708200000, 0x0000000708300000|  0%| F|  |TAMS 0x0000000708200000, 0x0000000708200000| Untracked 
|  77|0x0000000708300000, 0x0000000708300000, 0x0000000708400000|  0%| F|  |TAMS 0x0000000708300000, 0x0000000708300000| Untracked 
|  78|0x0000000708400000, 0x0000000708400000, 0x0000000708500000|  0%| F|  |TAMS 0x0000000708400000, 0x0000000708400000| Untracked 
|  79|0x0000000708500000, 0x0000000708500000, 0x0000000708600000|  0%| F|  |TAMS 0x0000000708500000, 0x0000000708500000| Untracked 
|  80|0x0000000708600000, 0x0000000708600000, 0x0000000708700000|  0%| F|  |TAMS 0x0000000708600000, 0x0000000708600000| Untracked 
|  81|0x0000000708700000, 0x0000000708700000, 0x0000000708800000|  0%| F|  |TAMS 0x0000000708700000, 0x0000000708700000| Untracked 
|  82|0x0000000708800000, 0x0000000708800000, 0x0000000708900000|  0%| F|  |TAMS 0x0000000708800000, 0x0000000708800000| Untracked 
|  83|0x0000000708900000, 0x0000000708900000, 0x0000000708a00000|  0%| F|  |TAMS 0x0000000708900000, 0x0000000708900000| Untracked 
|  84|0x0000000708a00000, 0x0000000708a00000, 0x0000000708b00000|  0%| F|  |TAMS 0x0000000708a00000, 0x0000000708a00000| Untracked 
|  85|0x0000000708b00000, 0x0000000708b00000, 0x0000000708c00000|  0%| F|  |TAMS 0x0000000708b00000, 0x0000000708b00000| Untracked 
|  86|0x0000000708c00000, 0x0000000708c00000, 0x0000000708d00000|  0%| F|  |TAMS 0x0000000708c00000, 0x0000000708c00000| Untracked 
|  87|0x0000000708d00000, 0x0000000708d00000, 0x0000000708e00000|  0%| F|  |TAMS 0x0000000708d00000, 0x0000000708d00000| Untracked 
|  88|0x0000000708e00000, 0x0000000708e00000, 0x0000000708f00000|  0%| F|  |TAMS 0x0000000708e00000, 0x0000000708e00000| Untracked 
|  89|0x0000000708f00000, 0x0000000708f00000, 0x0000000709000000|  0%| F|  |TAMS 0x0000000708f00000, 0x0000000708f00000| Untracked 
|  90|0x0000000709000000, 0x0000000709000000, 0x0000000709100000|  0%| F|  |TAMS 0x0000000709000000, 0x0000000709000000| Untracked 
|  91|0x0000000709100000, 0x0000000709100000, 0x0000000709200000|  0%| F|  |TAMS 0x0000000709100000, 0x0000000709100000| Untracked 
|  92|0x0000000709200000, 0x0000000709200000, 0x0000000709300000|  0%| F|  |TAMS 0x0000000709200000, 0x0000000709200000| Untracked 
|  93|0x0000000709300000, 0x0000000709300000, 0x0000000709400000|  0%| F|  |TAMS 0x0000000709300000, 0x0000000709300000| Untracked 
|  94|0x0000000709400000, 0x0000000709400000, 0x0000000709500000|  0%| F|  |TAMS 0x0000000709400000, 0x0000000709400000| Untracked 
|  95|0x0000000709500000, 0x0000000709500000, 0x0000000709600000|  0%| F|  |TAMS 0x0000000709500000, 0x0000000709500000| Untracked 
|  96|0x0000000709600000, 0x0000000709600000, 0x0000000709700000|  0%| F|  |TAMS 0x0000000709600000, 0x0000000709600000| Untracked 
|  97|0x0000000709700000, 0x0000000709700000, 0x0000000709800000|  0%| F|  |TAMS 0x0000000709700000, 0x0000000709700000| Untracked 
|  98|0x0000000709800000, 0x0000000709800000, 0x0000000709900000|  0%| F|  |TAMS 0x0000000709800000, 0x0000000709800000| Untracked 
|  99|0x0000000709900000, 0x0000000709900000, 0x0000000709a00000|  0%| F|  |TAMS 0x0000000709900000, 0x0000000709900000| Untracked 
| 100|0x0000000709a00000, 0x0000000709a00000, 0x0000000709b00000|  0%| F|  |TAMS 0x0000000709a00000, 0x0000000709a00000| Untracked 
| 101|0x0000000709b00000, 0x0000000709b00000, 0x0000000709c00000|  0%| F|  |TAMS 0x0000000709b00000, 0x0000000709b00000| Untracked 
| 102|0x0000000709c00000, 0x0000000709c00000, 0x0000000709d00000|  0%| F|  |TAMS 0x0000000709c00000, 0x0000000709c00000| Untracked 
| 103|0x0000000709d00000, 0x0000000709d00000, 0x0000000709e00000|  0%| F|  |TAMS 0x0000000709d00000, 0x0000000709d00000| Untracked 
| 104|0x0000000709e00000, 0x0000000709e00000, 0x0000000709f00000|  0%| F|  |TAMS 0x0000000709e00000, 0x0000000709e00000| Untracked 
| 105|0x0000000709f00000, 0x0000000709f00000, 0x000000070a000000|  0%| F|  |TAMS 0x0000000709f00000, 0x0000000709f00000| Untracked 
| 106|0x000000070a000000, 0x000000070a000000, 0x000000070a100000|  0%| F|  |TAMS 0x000000070a000000, 0x000000070a000000| Untracked 
| 107|0x000000070a100000, 0x000000070a100000, 0x000000070a200000|  0%| F|  |TAMS 0x000000070a100000, 0x000000070a100000| Untracked 
| 108|0x000000070a200000, 0x000000070a200000, 0x000000070a300000|  0%| F|  |TAMS 0x000000070a200000, 0x000000070a200000| Untracked 
| 109|0x000000070a300000, 0x000000070a300000, 0x000000070a400000|  0%| F|  |TAMS 0x000000070a300000, 0x000000070a300000| Untracked 
| 110|0x000000070a400000, 0x000000070a400000, 0x000000070a500000|  0%| F|  |TAMS 0x000000070a400000, 0x000000070a400000| Untracked 
| 111|0x000000070a500000, 0x000000070a500000, 0x000000070a600000|  0%| F|  |TAMS 0x000000070a500000, 0x000000070a500000| Untracked 
| 112|0x000000070a600000, 0x000000070a600000, 0x000000070a700000|  0%| F|  |TAMS 0x000000070a600000, 0x000000070a600000| Untracked 
| 113|0x000000070a700000, 0x000000070a700000, 0x000000070a800000|  0%| F|  |TAMS 0x000000070a700000, 0x000000070a700000| Untracked 
| 114|0x000000070a800000, 0x000000070a800000, 0x000000070a900000|  0%| F|  |TAMS 0x000000070a800000, 0x000000070a800000| Untracked 
| 115|0x000000070a900000, 0x000000070a900000, 0x000000070aa00000|  0%| F|  |TAMS 0x000000070a900000, 0x000000070a900000| Untracked 
| 116|0x000000070aa00000, 0x000000070aa00000, 0x000000070ab00000|  0%| F|  |TAMS 0x000000070aa00000, 0x000000070aa00000| Untracked 
| 117|0x000000070ab00000, 0x000000070ab00000, 0x000000070ac00000|  0%| F|  |TAMS 0x000000070ab00000, 0x000000070ab00000| Untracked 
| 118|0x000000070ac00000, 0x000000070ac00000, 0x000000070ad00000|  0%| F|  |TAMS 0x000000070ac00000, 0x000000070ac00000| Untracked 
| 119|0x000000070ad00000, 0x000000070ad00000, 0x000000070ae00000|  0%| F|  |TAMS 0x000000070ad00000, 0x000000070ad00000| Untracked 
| 120|0x000000070ae00000, 0x000000070ae00000, 0x000000070af00000|  0%| F|  |TAMS 0x000000070ae00000, 0x000000070ae00000| Untracked 
| 121|0x000000070af00000, 0x000000070af00000, 0x000000070b000000|  0%| F|  |TAMS 0x000000070af00000, 0x000000070af00000| Untracked 
| 122|0x000000070b000000, 0x000000070b000000, 0x000000070b100000|  0%| F|  |TAMS 0x000000070b000000, 0x000000070b000000| Untracked 
| 123|0x000000070b100000, 0x000000070b100000, 0x000000070b200000|  0%| F|  |TAMS 0x000000070b100000, 0x000000070b100000| Untracked 
| 124|0x000000070b200000, 0x000000070b200000, 0x000000070b300000|  0%| F|  |TAMS 0x000000070b200000, 0x000000070b200000| Untracked 
| 125|0x000000070b300000, 0x000000070b300000, 0x000000070b400000|  0%| F|  |TAMS 0x000000070b300000, 0x000000070b300000| Untracked 
| 126|0x000000070b400000, 0x000000070b400000, 0x000000070b500000|  0%| F|  |TAMS 0x000000070b400000, 0x000000070b400000| Untracked 
| 127|0x000000070b500000, 0x000000070b500000, 0x000000070b600000|  0%| F|  |TAMS 0x000000070b500000, 0x000000070b500000| Untracked 
| 128|0x000000070b600000, 0x000000070b600000, 0x000000070b700000|  0%| F|  |TAMS 0x000000070b600000, 0x000000070b600000| Untracked 
| 129|0x000000070b700000, 0x000000070b700000, 0x000000070b800000|  0%| F|  |TAMS 0x000000070b700000, 0x000000070b700000| Untracked 
| 130|0x000000070b800000, 0x000000070b800000, 0x000000070b900000|  0%| F|  |TAMS 0x000000070b800000, 0x000000070b800000| Untracked 
| 131|0x000000070b900000, 0x000000070b900000, 0x000000070ba00000|  0%| F|  |TAMS 0x000000070b900000, 0x000000070b900000| Untracked 
| 132|0x000000070ba00000, 0x000000070ba00000, 0x000000070bb00000|  0%| F|  |TAMS 0x000000070ba00000, 0x000000070ba00000| Untracked 
| 133|0x000000070bb00000, 0x000000070bb00000, 0x000000070bc00000|  0%| F|  |TAMS 0x000000070bb00000, 0x000000070bb00000| Untracked 
| 134|0x000000070bc00000, 0x000000070bc00000, 0x000000070bd00000|  0%| F|  |TAMS 0x000000070bc00000, 0x000000070bc00000| Untracked 
| 135|0x000000070bd00000, 0x000000070bd00000, 0x000000070be00000|  0%| F|  |TAMS 0x000000070bd00000, 0x000000070bd00000| Untracked 
| 136|0x000000070be00000, 0x000000070be00000, 0x000000070bf00000|  0%| F|  |TAMS 0x000000070be00000, 0x000000070be00000| Untracked 
| 137|0x000000070bf00000, 0x000000070bf00000, 0x000000070c000000|  0%| F|  |TAMS 0x000000070bf00000, 0x000000070bf00000| Untracked 
| 138|0x000000070c000000, 0x000000070c000000, 0x000000070c100000|  0%| F|  |TAMS 0x000000070c000000, 0x000000070c000000| Untracked 
| 139|0x000000070c100000, 0x000000070c100000, 0x000000070c200000|  0%| F|  |TAMS 0x000000070c100000, 0x000000070c100000| Untracked 
| 140|0x000000070c200000, 0x000000070c200000, 0x000000070c300000|  0%| F|  |TAMS 0x000000070c200000, 0x000000070c200000| Untracked 
| 141|0x000000070c300000, 0x000000070c300000, 0x000000070c400000|  0%| F|  |TAMS 0x000000070c300000, 0x000000070c300000| Untracked 
| 142|0x000000070c400000, 0x000000070c400000, 0x000000070c500000|  0%| F|  |TAMS 0x000000070c400000, 0x000000070c400000| Untracked 
| 143|0x000000070c500000, 0x000000070c500000, 0x000000070c600000|  0%| F|  |TAMS 0x000000070c500000, 0x000000070c500000| Untracked 
| 144|0x000000070c600000, 0x000000070c600000, 0x000000070c700000|  0%| F|  |TAMS 0x000000070c600000, 0x000000070c600000| Untracked 
| 145|0x000000070c700000, 0x000000070c700000, 0x000000070c800000|  0%| F|  |TAMS 0x000000070c700000, 0x000000070c700000| Untracked 
| 146|0x000000070c800000, 0x000000070c800000, 0x000000070c900000|  0%| F|  |TAMS 0x000000070c800000, 0x000000070c800000| Untracked 
| 147|0x000000070c900000, 0x000000070c900000, 0x000000070ca00000|  0%| F|  |TAMS 0x000000070c900000, 0x000000070c900000| Untracked 
| 148|0x000000070ca00000, 0x000000070ca00000, 0x000000070cb00000|  0%| F|  |TAMS 0x000000070ca00000, 0x000000070ca00000| Untracked 
| 149|0x000000070cb00000, 0x000000070cb00000, 0x000000070cc00000|  0%| F|  |TAMS 0x000000070cb00000, 0x000000070cb00000| Untracked 
| 150|0x000000070cc00000, 0x000000070cc00000, 0x000000070cd00000|  0%| F|  |TAMS 0x000000070cc00000, 0x000000070cc00000| Untracked 
| 151|0x000000070cd00000, 0x000000070cd00000, 0x000000070ce00000|  0%| F|  |TAMS 0x000000070cd00000, 0x000000070cd00000| Untracked 
| 152|0x000000070ce00000, 0x000000070ce00000, 0x000000070cf00000|  0%| F|  |TAMS 0x000000070ce00000, 0x000000070ce00000| Untracked 
| 153|0x000000070cf00000, 0x000000070cf00000, 0x000000070d000000|  0%| F|  |TAMS 0x000000070cf00000, 0x000000070cf00000| Untracked 
| 154|0x000000070d000000, 0x000000070d000000, 0x000000070d100000|  0%| F|  |TAMS 0x000000070d000000, 0x000000070d000000| Untracked 
| 155|0x000000070d100000, 0x000000070d100000, 0x000000070d200000|  0%| F|  |TAMS 0x000000070d100000, 0x000000070d100000| Untracked 
| 156|0x000000070d200000, 0x000000070d200000, 0x000000070d300000|  0%| F|  |TAMS 0x000000070d200000, 0x000000070d200000| Untracked 
| 157|0x000000070d300000, 0x000000070d300000, 0x000000070d400000|  0%| F|  |TAMS 0x000000070d300000, 0x000000070d300000| Untracked 
| 158|0x000000070d400000, 0x000000070d400000, 0x000000070d500000|  0%| F|  |TAMS 0x000000070d400000, 0x000000070d400000| Untracked 
| 159|0x000000070d500000, 0x000000070d500000, 0x000000070d600000|  0%| F|  |TAMS 0x000000070d500000, 0x000000070d500000| Untracked 
| 160|0x000000070d600000, 0x000000070d600000, 0x000000070d700000|  0%| F|  |TAMS 0x000000070d600000, 0x000000070d600000| Untracked 
| 161|0x000000070d700000, 0x000000070d700000, 0x000000070d800000|  0%| F|  |TAMS 0x000000070d700000, 0x000000070d700000| Untracked 
| 162|0x000000070d800000, 0x000000070d800000, 0x000000070d900000|  0%| F|  |TAMS 0x000000070d800000, 0x000000070d800000| Untracked 
| 163|0x000000070d900000, 0x000000070da00000, 0x000000070da00000|100%|HS|  |TAMS 0x000000070da00000, 0x000000070da00000| Complete 
| 164|0x000000070da00000, 0x000000070db00000, 0x000000070db00000|100%|HC|  |TAMS 0x000000070db00000, 0x000000070db00000| Complete 
| 165|0x000000070db00000, 0x000000070dc00000, 0x000000070dc00000|100%|HC|  |TAMS 0x000000070dc00000, 0x000000070dc00000| Complete 
| 166|0x000000070dc00000, 0x000000070dd00000, 0x000000070dd00000|100%|HC|  |TAMS 0x000000070dd00000, 0x000000070dd00000| Complete 
| 167|0x000000070dd00000, 0x000000070de00000, 0x000000070de00000|100%|HC|  |TAMS 0x000000070de00000, 0x000000070de00000| Complete 
| 168|0x000000070de00000, 0x000000070df00000, 0x000000070df00000|100%|HC|  |TAMS 0x000000070df00000, 0x000000070df00000| Complete 
| 169|0x000000070df00000, 0x000000070e000000, 0x000000070e000000|100%|HC|  |TAMS 0x000000070e000000, 0x000000070e000000| Complete 
| 170|0x000000070e000000, 0x000000070e100000, 0x000000070e100000|100%|HC|  |TAMS 0x000000070e100000, 0x000000070e100000| Complete 
| 171|0x000000070e100000, 0x000000070e200000, 0x000000070e200000|100%|HC|  |TAMS 0x000000070e200000, 0x000000070e200000| Complete 
| 172|0x000000070e200000, 0x000000070e300000, 0x000000070e300000|100%|HC|  |TAMS 0x000000070e300000, 0x000000070e300000| Complete 
| 173|0x000000070e300000, 0x000000070e400000, 0x000000070e400000|100%|HC|  |TAMS 0x000000070e400000, 0x000000070e400000| Complete 
| 174|0x000000070e400000, 0x000000070e500000, 0x000000070e500000|100%|HC|  |TAMS 0x000000070e500000, 0x000000070e500000| Complete 
| 175|0x000000070e500000, 0x000000070e600000, 0x000000070e600000|100%|HC|  |TAMS 0x000000070e600000, 0x000000070e600000| Complete 
| 176|0x000000070e600000, 0x000000070e700000, 0x000000070e700000|100%|HC|  |TAMS 0x000000070e700000, 0x000000070e700000| Complete 
| 177|0x000000070e700000, 0x000000070e800000, 0x000000070e800000|100%|HC|  |TAMS 0x000000070e800000, 0x000000070e800000| Complete 
| 178|0x000000070e800000, 0x000000070e900000, 0x000000070e900000|100%|HC|  |TAMS 0x000000070e900000, 0x000000070e900000| Complete 
| 179|0x000000070e900000, 0x000000070ea00000, 0x000000070ea00000|100%|HC|  |TAMS 0x000000070ea00000, 0x000000070ea00000| Complete 
| 180|0x000000070ea00000, 0x000000070eb00000, 0x000000070eb00000|100%|HC|  |TAMS 0x000000070eb00000, 0x000000070eb00000| Complete 
| 181|0x000000070eb00000, 0x000000070ec00000, 0x000000070ec00000|100%|HC|  |TAMS 0x000000070ec00000, 0x000000070ec00000| Complete 
| 182|0x000000070ec00000, 0x000000070ed00000, 0x000000070ed00000|100%|HC|  |TAMS 0x000000070ed00000, 0x000000070ed00000| Complete 
| 183|0x000000070ed00000, 0x000000070ee00000, 0x000000070ee00000|100%|HC|  |TAMS 0x000000070ee00000, 0x000000070ee00000| Complete 
| 184|0x000000070ee00000, 0x000000070ef00000, 0x000000070ef00000|100%|HC|  |TAMS 0x000000070ef00000, 0x000000070ef00000| Complete 
| 185|0x000000070ef00000, 0x000000070f000000, 0x000000070f000000|100%|HC|  |TAMS 0x000000070f000000, 0x000000070f000000| Complete 
| 186|0x000000070f000000, 0x000000070f100000, 0x000000070f100000|100%|HC|  |TAMS 0x000000070f100000, 0x000000070f100000| Complete 
| 187|0x000000070f100000, 0x000000070f200000, 0x000000070f200000|100%|HC|  |TAMS 0x000000070f200000, 0x000000070f200000| Complete 
| 188|0x000000070f200000, 0x000000070f300000, 0x000000070f300000|100%|HC|  |TAMS 0x000000070f300000, 0x000000070f300000| Complete 
| 189|0x000000070f300000, 0x000000070f400000, 0x000000070f400000|100%|HC|  |TAMS 0x000000070f400000, 0x000000070f400000| Complete 
| 190|0x000000070f400000, 0x000000070f500000, 0x000000070f500000|100%|HC|  |TAMS 0x000000070f500000, 0x000000070f500000| Complete 
| 191|0x000000070f500000, 0x000000070f600000, 0x000000070f600000|100%|HC|  |TAMS 0x000000070f600000, 0x000000070f600000| Complete 
| 192|0x000000070f600000, 0x000000070f700000, 0x000000070f700000|100%|HC|  |TAMS 0x000000070f700000, 0x000000070f700000| Complete 
| 193|0x000000070f700000, 0x000000070f800000, 0x000000070f800000|100%|HC|  |TAMS 0x000000070f800000, 0x000000070f800000| Complete 
| 194|0x000000070f800000, 0x000000070f900000, 0x000000070f900000|100%|HC|  |TAMS 0x000000070f900000, 0x000000070f900000| Complete 
| 195|0x000000070f900000, 0x000000070fa00000, 0x000000070fa00000|100%|HC|  |TAMS 0x000000070fa00000, 0x000000070fa00000| Complete 
| 196|0x000000070fa00000, 0x000000070fb00000, 0x000000070fb00000|100%|HC|  |TAMS 0x000000070fb00000, 0x000000070fb00000| Complete 
| 197|0x000000070fb00000, 0x000000070fc00000, 0x000000070fc00000|100%|HC|  |TAMS 0x000000070fc00000, 0x000000070fc00000| Complete 
| 198|0x000000070fc00000, 0x000000070fd00000, 0x000000070fd00000|100%|HC|  |TAMS 0x000000070fd00000, 0x000000070fd00000| Complete 
| 199|0x000000070fd00000, 0x000000070fe00000, 0x000000070fe00000|100%|HC|  |TAMS 0x000000070fe00000, 0x000000070fe00000| Complete 
| 200|0x000000070fe00000, 0x000000070ff00000, 0x000000070ff00000|100%|HC|  |TAMS 0x000000070ff00000, 0x000000070ff00000| Complete 
| 201|0x000000070ff00000, 0x0000000710000000, 0x0000000710000000|100%|HC|  |TAMS 0x0000000710000000, 0x0000000710000000| Complete 
| 202|0x0000000710000000, 0x0000000710100000, 0x0000000710100000|100%|HC|  |TAMS 0x0000000710100000, 0x0000000710100000| Complete 
| 203|0x0000000710100000, 0x0000000710200000, 0x0000000710200000|100%|HC|  |TAMS 0x0000000710200000, 0x0000000710200000| Complete 
| 204|0x0000000710200000, 0x0000000710300000, 0x0000000710300000|100%|HC|  |TAMS 0x0000000710300000, 0x0000000710300000| Complete 
| 205|0x0000000710300000, 0x0000000710400000, 0x0000000710400000|100%|HC|  |TAMS 0x0000000710400000, 0x0000000710400000| Complete 
| 206|0x0000000710400000, 0x0000000710500000, 0x0000000710500000|100%|HC|  |TAMS 0x0000000710500000, 0x0000000710500000| Complete 
| 207|0x0000000710500000, 0x0000000710600000, 0x0000000710600000|100%|HC|  |TAMS 0x0000000710600000, 0x0000000710600000| Complete 
| 208|0x0000000710600000, 0x0000000710700000, 0x0000000710700000|100%|HC|  |TAMS 0x0000000710700000, 0x0000000710700000| Complete 
| 209|0x0000000710700000, 0x0000000710800000, 0x0000000710800000|100%|HC|  |TAMS 0x0000000710800000, 0x0000000710800000| Complete 
| 210|0x0000000710800000, 0x0000000710900000, 0x0000000710900000|100%|HC|  |TAMS 0x0000000710900000, 0x0000000710900000| Complete 
| 211|0x0000000710900000, 0x0000000710a00000, 0x0000000710a00000|100%|HC|  |TAMS 0x0000000710a00000, 0x0000000710a00000| Complete 
| 212|0x0000000710a00000, 0x0000000710b00000, 0x0000000710b00000|100%|HC|  |TAMS 0x0000000710b00000, 0x0000000710b00000| Complete 
| 213|0x0000000710b00000, 0x0000000710c00000, 0x0000000710c00000|100%|HC|  |TAMS 0x0000000710c00000, 0x0000000710c00000| Complete 
| 214|0x0000000710c00000, 0x0000000710d00000, 0x0000000710d00000|100%|HC|  |TAMS 0x0000000710d00000, 0x0000000710d00000| Complete 
| 215|0x0000000710d00000, 0x0000000710e00000, 0x0000000710e00000|100%|HC|  |TAMS 0x0000000710e00000, 0x0000000710e00000| Complete 
| 216|0x0000000710e00000, 0x0000000710f00000, 0x0000000710f00000|100%|HC|  |TAMS 0x0000000710f00000, 0x0000000710f00000| Complete 
| 217|0x0000000710f00000, 0x0000000711000000, 0x0000000711000000|100%|HC|  |TAMS 0x0000000711000000, 0x0000000711000000| Complete 
| 218|0x0000000711000000, 0x0000000711100000, 0x0000000711100000|100%|HC|  |TAMS 0x0000000711100000, 0x0000000711100000| Complete 
| 219|0x0000000711100000, 0x0000000711200000, 0x0000000711200000|100%|HC|  |TAMS 0x0000000711200000, 0x0000000711200000| Complete 
| 220|0x0000000711200000, 0x0000000711300000, 0x0000000711300000|100%|HC|  |TAMS 0x0000000711300000, 0x0000000711300000| Complete 
| 221|0x0000000711300000, 0x0000000711400000, 0x0000000711400000|100%|HC|  |TAMS 0x0000000711400000, 0x0000000711400000| Complete 
| 222|0x0000000711400000, 0x0000000711500000, 0x0000000711500000|100%|HC|  |TAMS 0x0000000711500000, 0x0000000711500000| Complete 
| 223|0x0000000711500000, 0x0000000711600000, 0x0000000711600000|100%|HC|  |TAMS 0x0000000711600000, 0x0000000711600000| Complete 
| 224|0x0000000711600000, 0x0000000711700000, 0x0000000711700000|100%|HC|  |TAMS 0x0000000711700000, 0x0000000711700000| Complete 
| 225|0x0000000711700000, 0x0000000711800000, 0x0000000711800000|100%|HC|  |TAMS 0x0000000711800000, 0x0000000711800000| Complete 
| 226|0x0000000711800000, 0x0000000711900000, 0x0000000711900000|100%|HC|  |TAMS 0x0000000711900000, 0x0000000711900000| Complete 
| 227|0x0000000711900000, 0x0000000711a00000, 0x0000000711a00000|100%|HC|  |TAMS 0x0000000711a00000, 0x0000000711a00000| Complete 
| 228|0x0000000711a00000, 0x0000000711b00000, 0x0000000711b00000|100%|HC|  |TAMS 0x0000000711b00000, 0x0000000711b00000| Complete 
| 229|0x0000000711b00000, 0x0000000711c00000, 0x0000000711c00000|100%|HC|  |TAMS 0x0000000711c00000, 0x0000000711c00000| Complete 
| 230|0x0000000711c00000, 0x0000000711d00000, 0x0000000711d00000|100%|HC|  |TAMS 0x0000000711d00000, 0x0000000711d00000| Complete 
| 231|0x0000000711d00000, 0x0000000711e00000, 0x0000000711e00000|100%|HC|  |TAMS 0x0000000711e00000, 0x0000000711e00000| Complete 
| 232|0x0000000711e00000, 0x0000000711f00000, 0x0000000711f00000|100%|HC|  |TAMS 0x0000000711f00000, 0x0000000711f00000| Complete 
| 233|0x0000000711f00000, 0x0000000712000000, 0x0000000712000000|100%|HC|  |TAMS 0x0000000712000000, 0x0000000712000000| Complete 
| 234|0x0000000712000000, 0x0000000712100000, 0x0000000712100000|100%|HC|  |TAMS 0x0000000712100000, 0x0000000712100000| Complete 
| 235|0x0000000712100000, 0x0000000712200000, 0x0000000712200000|100%|HC|  |TAMS 0x0000000712200000, 0x0000000712200000| Complete 
| 236|0x0000000712200000, 0x0000000712300000, 0x0000000712300000|100%|HC|  |TAMS 0x0000000712300000, 0x0000000712300000| Complete 
| 237|0x0000000712300000, 0x0000000712400000, 0x0000000712400000|100%|HC|  |TAMS 0x0000000712400000, 0x0000000712400000| Complete 
| 238|0x0000000712400000, 0x0000000712500000, 0x0000000712500000|100%|HC|  |TAMS 0x0000000712500000, 0x0000000712500000| Complete 
| 239|0x0000000712500000, 0x0000000712600000, 0x0000000712600000|100%|HC|  |TAMS 0x0000000712600000, 0x0000000712600000| Complete 
| 240|0x0000000712600000, 0x0000000712700000, 0x0000000712700000|100%|HC|  |TAMS 0x0000000712700000, 0x0000000712700000| Complete 
| 241|0x0000000712700000, 0x0000000712800000, 0x0000000712800000|100%|HC|  |TAMS 0x0000000712800000, 0x0000000712800000| Complete 
| 242|0x0000000712800000, 0x0000000712900000, 0x0000000712900000|100%|HC|  |TAMS 0x0000000712900000, 0x0000000712900000| Complete 
| 243|0x0000000712900000, 0x0000000712900000, 0x0000000712a00000|  0%| F|  |TAMS 0x0000000712900000, 0x0000000712900000| Untracked 
| 244|0x0000000712a00000, 0x0000000712a00000, 0x0000000712b00000|  0%| F|  |TAMS 0x0000000712a00000, 0x0000000712a00000| Untracked 
| 245|0x0000000712b00000, 0x0000000712b00000, 0x0000000712c00000|  0%| F|  |TAMS 0x0000000712b00000, 0x0000000712b00000| Untracked 
| 246|0x0000000712c00000, 0x0000000712c00000, 0x0000000712d00000|  0%| F|  |TAMS 0x0000000712c00000, 0x0000000712c00000| Untracked 
| 247|0x0000000712d00000, 0x0000000712d00000, 0x0000000712e00000|  0%| F|  |TAMS 0x0000000712d00000, 0x0000000712d00000| Untracked 
| 248|0x0000000712e00000, 0x0000000712e00000, 0x0000000712f00000|  0%| F|  |TAMS 0x0000000712e00000, 0x0000000712e00000| Untracked 
| 249|0x0000000712f00000, 0x0000000712f00000, 0x0000000713000000|  0%| F|  |TAMS 0x0000000712f00000, 0x0000000712f00000| Untracked 
| 250|0x0000000713000000, 0x0000000713000000, 0x0000000713100000|  0%| F|  |TAMS 0x0000000713000000, 0x0000000713000000| Untracked 
| 251|0x0000000713100000, 0x0000000713100000, 0x0000000713200000|  0%| F|  |TAMS 0x0000000713100000, 0x0000000713100000| Untracked 
| 252|0x0000000713200000, 0x0000000713300000, 0x0000000713300000|100%|HS|  |TAMS 0x0000000713200000, 0x0000000713300000| Complete 
| 253|0x0000000713300000, 0x0000000713400000, 0x0000000713400000|100%|HC|  |TAMS 0x0000000713300000, 0x0000000713400000| Complete 
| 254|0x0000000713400000, 0x0000000713500000, 0x0000000713500000|100%|HC|  |TAMS 0x0000000713400000, 0x0000000713500000| Complete 
| 255|0x0000000713500000, 0x0000000713600000, 0x0000000713600000|100%|HC|  |TAMS 0x0000000713500000, 0x0000000713600000| Complete 
| 256|0x0000000713600000, 0x0000000713700000, 0x0000000713700000|100%|HC|  |TAMS 0x0000000713600000, 0x0000000713700000| Complete 
| 257|0x0000000713700000, 0x0000000713800000, 0x0000000713800000|100%|HC|  |TAMS 0x0000000713700000, 0x0000000713800000| Complete 
| 258|0x0000000713800000, 0x0000000713900000, 0x0000000713900000|100%|HC|  |TAMS 0x0000000713800000, 0x0000000713900000| Complete 
| 259|0x0000000713900000, 0x0000000713a00000, 0x0000000713a00000|100%|HC|  |TAMS 0x0000000713900000, 0x0000000713a00000| Complete 
| 260|0x0000000713a00000, 0x0000000713b00000, 0x0000000713b00000|100%|HC|  |TAMS 0x0000000713a00000, 0x0000000713b00000| Complete 
| 261|0x0000000713b00000, 0x0000000713c00000, 0x0000000713c00000|100%|HC|  |TAMS 0x0000000713b00000, 0x0000000713c00000| Complete 
| 262|0x0000000713c00000, 0x0000000713d00000, 0x0000000713d00000|100%|HC|  |TAMS 0x0000000713c00000, 0x0000000713d00000| Complete 
| 263|0x0000000713d00000, 0x0000000713e00000, 0x0000000713e00000|100%|HC|  |TAMS 0x0000000713d00000, 0x0000000713e00000| Complete 
| 264|0x0000000713e00000, 0x0000000713f00000, 0x0000000713f00000|100%|HC|  |TAMS 0x0000000713e00000, 0x0000000713f00000| Complete 
| 265|0x0000000713f00000, 0x0000000714000000, 0x0000000714000000|100%|HC|  |TAMS 0x0000000713f00000, 0x0000000714000000| Complete 
| 266|0x0000000714000000, 0x0000000714100000, 0x0000000714100000|100%|HC|  |TAMS 0x0000000714000000, 0x0000000714100000| Complete 
| 267|0x0000000714100000, 0x0000000714200000, 0x0000000714200000|100%|HC|  |TAMS 0x0000000714100000, 0x0000000714200000| Complete 
| 268|0x0000000714200000, 0x0000000714300000, 0x0000000714300000|100%|HC|  |TAMS 0x0000000714200000, 0x0000000714300000| Complete 
| 269|0x0000000714300000, 0x0000000714400000, 0x0000000714400000|100%|HC|  |TAMS 0x0000000714300000, 0x0000000714400000| Complete 
| 270|0x0000000714400000, 0x0000000714500000, 0x0000000714500000|100%|HC|  |TAMS 0x0000000714400000, 0x0000000714500000| Complete 
| 271|0x0000000714500000, 0x0000000714600000, 0x0000000714600000|100%|HC|  |TAMS 0x0000000714500000, 0x0000000714600000| Complete 
| 272|0x0000000714600000, 0x0000000714700000, 0x0000000714700000|100%|HC|  |TAMS 0x0000000714600000, 0x0000000714700000| Complete 
| 273|0x0000000714700000, 0x0000000714800000, 0x0000000714800000|100%|HC|  |TAMS 0x0000000714700000, 0x0000000714800000| Complete 
| 274|0x0000000714800000, 0x0000000714900000, 0x0000000714900000|100%|HC|  |TAMS 0x0000000714800000, 0x0000000714900000| Complete 
| 275|0x0000000714900000, 0x0000000714a00000, 0x0000000714a00000|100%|HC|  |TAMS 0x0000000714900000, 0x0000000714a00000| Complete 
| 276|0x0000000714a00000, 0x0000000714b00000, 0x0000000714b00000|100%|HC|  |TAMS 0x0000000714a00000, 0x0000000714b00000| Complete 
| 277|0x0000000714b00000, 0x0000000714c00000, 0x0000000714c00000|100%|HC|  |TAMS 0x0000000714b00000, 0x0000000714c00000| Complete 
| 278|0x0000000714c00000, 0x0000000714d00000, 0x0000000714d00000|100%|HC|  |TAMS 0x0000000714c00000, 0x0000000714d00000| Complete 
| 279|0x0000000714d00000, 0x0000000714e00000, 0x0000000714e00000|100%|HC|  |TAMS 0x0000000714d00000, 0x0000000714e00000| Complete 
| 280|0x0000000714e00000, 0x0000000714f00000, 0x0000000714f00000|100%|HC|  |TAMS 0x0000000714e00000, 0x0000000714f00000| Complete 
| 281|0x0000000714f00000, 0x0000000715000000, 0x0000000715000000|100%|HC|  |TAMS 0x0000000714f00000, 0x0000000715000000| Complete 
| 282|0x0000000715000000, 0x0000000715100000, 0x0000000715100000|100%|HC|  |TAMS 0x0000000715000000, 0x0000000715100000| Complete 
| 283|0x0000000715100000, 0x0000000715200000, 0x0000000715200000|100%|HC|  |TAMS 0x0000000715100000, 0x0000000715200000| Complete 
| 284|0x0000000715200000, 0x0000000715300000, 0x0000000715300000|100%|HC|  |TAMS 0x0000000715200000, 0x0000000715300000| Complete 
| 285|0x0000000715300000, 0x0000000715400000, 0x0000000715400000|100%|HC|  |TAMS 0x0000000715300000, 0x0000000715400000| Complete 
| 286|0x0000000715400000, 0x0000000715500000, 0x0000000715500000|100%|HC|  |TAMS 0x0000000715400000, 0x0000000715500000| Complete 
| 287|0x0000000715500000, 0x0000000715600000, 0x0000000715600000|100%|HC|  |TAMS 0x0000000715500000, 0x0000000715600000| Complete 
| 288|0x0000000715600000, 0x0000000715700000, 0x0000000715700000|100%|HC|  |TAMS 0x0000000715600000, 0x0000000715700000| Complete 
| 289|0x0000000715700000, 0x0000000715800000, 0x0000000715800000|100%|HC|  |TAMS 0x0000000715700000, 0x0000000715800000| Complete 
| 290|0x0000000715800000, 0x0000000715900000, 0x0000000715900000|100%|HC|  |TAMS 0x0000000715800000, 0x0000000715900000| Complete 
| 291|0x0000000715900000, 0x0000000715a00000, 0x0000000715a00000|100%|HC|  |TAMS 0x0000000715900000, 0x0000000715a00000| Complete 
| 292|0x0000000715a00000, 0x0000000715b00000, 0x0000000715b00000|100%|HC|  |TAMS 0x0000000715a00000, 0x0000000715b00000| Complete 
| 293|0x0000000715b00000, 0x0000000715c00000, 0x0000000715c00000|100%|HC|  |TAMS 0x0000000715b00000, 0x0000000715c00000| Complete 
| 294|0x0000000715c00000, 0x0000000715d00000, 0x0000000715d00000|100%|HC|  |TAMS 0x0000000715c00000, 0x0000000715d00000| Complete 
| 295|0x0000000715d00000, 0x0000000715e00000, 0x0000000715e00000|100%|HC|  |TAMS 0x0000000715d00000, 0x0000000715e00000| Complete 
| 296|0x0000000715e00000, 0x0000000715f00000, 0x0000000715f00000|100%|HC|  |TAMS 0x0000000715e00000, 0x0000000715f00000| Complete 
| 297|0x0000000715f00000, 0x0000000716000000, 0x0000000716000000|100%|HC|  |TAMS 0x0000000715f00000, 0x0000000716000000| Complete 
| 298|0x0000000716000000, 0x0000000716100000, 0x0000000716100000|100%|HC|  |TAMS 0x0000000716000000, 0x0000000716100000| Complete 
| 299|0x0000000716100000, 0x0000000716200000, 0x0000000716200000|100%|HC|  |TAMS 0x0000000716100000, 0x0000000716200000| Complete 
| 300|0x0000000716200000, 0x0000000716300000, 0x0000000716300000|100%|HC|  |TAMS 0x0000000716200000, 0x0000000716300000| Complete 
| 301|0x0000000716300000, 0x0000000716400000, 0x0000000716400000|100%|HC|  |TAMS 0x0000000716300000, 0x0000000716400000| Complete 
| 302|0x0000000716400000, 0x0000000716500000, 0x0000000716500000|100%|HC|  |TAMS 0x0000000716400000, 0x0000000716500000| Complete 
| 303|0x0000000716500000, 0x0000000716600000, 0x0000000716600000|100%|HC|  |TAMS 0x0000000716500000, 0x0000000716600000| Complete 
| 304|0x0000000716600000, 0x0000000716700000, 0x0000000716700000|100%|HC|  |TAMS 0x0000000716600000, 0x0000000716700000| Complete 
| 305|0x0000000716700000, 0x0000000716800000, 0x0000000716800000|100%|HC|  |TAMS 0x0000000716700000, 0x0000000716800000| Complete 
| 306|0x0000000716800000, 0x0000000716900000, 0x0000000716900000|100%|HC|  |TAMS 0x0000000716800000, 0x0000000716900000| Complete 
| 307|0x0000000716900000, 0x0000000716a00000, 0x0000000716a00000|100%|HC|  |TAMS 0x0000000716900000, 0x0000000716a00000| Complete 
| 308|0x0000000716a00000, 0x0000000716b00000, 0x0000000716b00000|100%|HC|  |TAMS 0x0000000716a00000, 0x0000000716b00000| Complete 
| 309|0x0000000716b00000, 0x0000000716c00000, 0x0000000716c00000|100%|HC|  |TAMS 0x0000000716b00000, 0x0000000716c00000| Complete 
| 310|0x0000000716c00000, 0x0000000716d00000, 0x0000000716d00000|100%|HC|  |TAMS 0x0000000716c00000, 0x0000000716d00000| Complete 
| 311|0x0000000716d00000, 0x0000000716e00000, 0x0000000716e00000|100%|HC|  |TAMS 0x0000000716d00000, 0x0000000716e00000| Complete 
| 312|0x0000000716e00000, 0x0000000716f00000, 0x0000000716f00000|100%|HC|  |TAMS 0x0000000716e00000, 0x0000000716f00000| Complete 
| 313|0x0000000716f00000, 0x0000000717000000, 0x0000000717000000|100%|HC|  |TAMS 0x0000000716f00000, 0x0000000717000000| Complete 
| 314|0x0000000717000000, 0x0000000717100000, 0x0000000717100000|100%|HC|  |TAMS 0x0000000717000000, 0x0000000717100000| Complete 
| 315|0x0000000717100000, 0x0000000717200000, 0x0000000717200000|100%|HC|  |TAMS 0x0000000717100000, 0x0000000717200000| Complete 
| 316|0x0000000717200000, 0x0000000717300000, 0x0000000717300000|100%|HC|  |TAMS 0x0000000717200000, 0x0000000717300000| Complete 
| 317|0x0000000717300000, 0x0000000717400000, 0x0000000717400000|100%|HC|  |TAMS 0x0000000717300000, 0x0000000717400000| Complete 
| 318|0x0000000717400000, 0x0000000717500000, 0x0000000717500000|100%|HC|  |TAMS 0x0000000717400000, 0x0000000717500000| Complete 
| 319|0x0000000717500000, 0x0000000717600000, 0x0000000717600000|100%|HC|  |TAMS 0x0000000717500000, 0x0000000717600000| Complete 
| 320|0x0000000717600000, 0x0000000717700000, 0x0000000717700000|100%|HC|  |TAMS 0x0000000717600000, 0x0000000717700000| Complete 
| 321|0x0000000717700000, 0x0000000717800000, 0x0000000717800000|100%|HC|  |TAMS 0x0000000717700000, 0x0000000717800000| Complete 
| 322|0x0000000717800000, 0x0000000717900000, 0x0000000717900000|100%|HC|  |TAMS 0x0000000717800000, 0x0000000717900000| Complete 
| 323|0x0000000717900000, 0x0000000717a00000, 0x0000000717a00000|100%|HC|  |TAMS 0x0000000717900000, 0x0000000717a00000| Complete 
| 324|0x0000000717a00000, 0x0000000717b00000, 0x0000000717b00000|100%|HC|  |TAMS 0x0000000717a00000, 0x0000000717b00000| Complete 
| 325|0x0000000717b00000, 0x0000000717c00000, 0x0000000717c00000|100%|HC|  |TAMS 0x0000000717b00000, 0x0000000717c00000| Complete 
| 326|0x0000000717c00000, 0x0000000717d00000, 0x0000000717d00000|100%|HC|  |TAMS 0x0000000717c00000, 0x0000000717d00000| Complete 
| 327|0x0000000717d00000, 0x0000000717e00000, 0x0000000717e00000|100%|HC|  |TAMS 0x0000000717d00000, 0x0000000717e00000| Complete 
| 328|0x0000000717e00000, 0x0000000717f00000, 0x0000000717f00000|100%|HC|  |TAMS 0x0000000717e00000, 0x0000000717f00000| Complete 
| 329|0x0000000717f00000, 0x0000000718000000, 0x0000000718000000|100%|HC|  |TAMS 0x0000000717f00000, 0x0000000718000000| Complete 
| 330|0x0000000718000000, 0x0000000718100000, 0x0000000718100000|100%|HC|  |TAMS 0x0000000718000000, 0x0000000718100000| Complete 
| 331|0x0000000718100000, 0x0000000718200000, 0x0000000718200000|100%|HC|  |TAMS 0x0000000718100000, 0x0000000718200000| Complete 
| 332|0x0000000718200000, 0x0000000718300000, 0x0000000718300000|100%|HC|  |TAMS 0x0000000718200000, 0x0000000718300000| Complete 
| 333|0x0000000718300000, 0x0000000718400000, 0x0000000718400000|100%|HC|  |TAMS 0x0000000718300000, 0x0000000718400000| Complete 
| 334|0x0000000718400000, 0x0000000718500000, 0x0000000718500000|100%|HC|  |TAMS 0x0000000718400000, 0x0000000718500000| Complete 
| 335|0x0000000718500000, 0x0000000718600000, 0x0000000718600000|100%|HC|  |TAMS 0x0000000718500000, 0x0000000718600000| Complete 
| 336|0x0000000718600000, 0x0000000718700000, 0x0000000718700000|100%|HC|  |TAMS 0x0000000718600000, 0x0000000718700000| Complete 
| 337|0x0000000718700000, 0x0000000718800000, 0x0000000718800000|100%|HC|  |TAMS 0x0000000718700000, 0x0000000718800000| Complete 
| 338|0x0000000718800000, 0x0000000718900000, 0x0000000718900000|100%|HC|  |TAMS 0x0000000718800000, 0x0000000718900000| Complete 
| 339|0x0000000718900000, 0x0000000718a00000, 0x0000000718a00000|100%|HC|  |TAMS 0x0000000718900000, 0x0000000718a00000| Complete 
| 340|0x0000000718a00000, 0x0000000718b00000, 0x0000000718b00000|100%|HC|  |TAMS 0x0000000718a00000, 0x0000000718b00000| Complete 
| 341|0x0000000718b00000, 0x0000000718c00000, 0x0000000718c00000|100%|HC|  |TAMS 0x0000000718b00000, 0x0000000718c00000| Complete 
| 342|0x0000000718c00000, 0x0000000718d00000, 0x0000000718d00000|100%|HC|  |TAMS 0x0000000718c00000, 0x0000000718d00000| Complete 
| 343|0x0000000718d00000, 0x0000000718e00000, 0x0000000718e00000|100%|HC|  |TAMS 0x0000000718d00000, 0x0000000718e00000| Complete 
| 344|0x0000000718e00000, 0x0000000718f00000, 0x0000000718f00000|100%|HC|  |TAMS 0x0000000718e00000, 0x0000000718f00000| Complete 
| 345|0x0000000718f00000, 0x0000000719000000, 0x0000000719000000|100%|HC|  |TAMS 0x0000000718f00000, 0x0000000719000000| Complete 
| 346|0x0000000719000000, 0x0000000719100000, 0x0000000719100000|100%|HC|  |TAMS 0x0000000719000000, 0x0000000719100000| Complete 
| 347|0x0000000719100000, 0x0000000719200000, 0x0000000719200000|100%|HC|  |TAMS 0x0000000719100000, 0x0000000719200000| Complete 
| 348|0x0000000719200000, 0x0000000719300000, 0x0000000719300000|100%|HC|  |TAMS 0x0000000719200000, 0x0000000719300000| Complete 
| 349|0x0000000719300000, 0x0000000719400000, 0x0000000719400000|100%|HC|  |TAMS 0x0000000719300000, 0x0000000719400000| Complete 
| 350|0x0000000719400000, 0x0000000719500000, 0x0000000719500000|100%|HC|  |TAMS 0x0000000719400000, 0x0000000719500000| Complete 
| 351|0x0000000719500000, 0x0000000719600000, 0x0000000719600000|100%|HC|  |TAMS 0x0000000719500000, 0x0000000719600000| Complete 
| 352|0x0000000719600000, 0x0000000719700000, 0x0000000719700000|100%|HC|  |TAMS 0x0000000719600000, 0x0000000719700000| Complete 
| 353|0x0000000719700000, 0x0000000719800000, 0x0000000719800000|100%|HC|  |TAMS 0x0000000719700000, 0x0000000719800000| Complete 
| 354|0x0000000719800000, 0x0000000719900000, 0x0000000719900000|100%|HC|  |TAMS 0x0000000719800000, 0x0000000719900000| Complete 
| 355|0x0000000719900000, 0x0000000719a00000, 0x0000000719a00000|100%|HC|  |TAMS 0x0000000719900000, 0x0000000719a00000| Complete 
| 356|0x0000000719a00000, 0x0000000719b00000, 0x0000000719b00000|100%|HC|  |TAMS 0x0000000719a00000, 0x0000000719b00000| Complete 
| 357|0x0000000719b00000, 0x0000000719c00000, 0x0000000719c00000|100%|HC|  |TAMS 0x0000000719b00000, 0x0000000719c00000| Complete 
| 358|0x0000000719c00000, 0x0000000719d00000, 0x0000000719d00000|100%|HC|  |TAMS 0x0000000719c00000, 0x0000000719d00000| Complete 
| 359|0x0000000719d00000, 0x0000000719e00000, 0x0000000719e00000|100%|HC|  |TAMS 0x0000000719d00000, 0x0000000719e00000| Complete 
| 360|0x0000000719e00000, 0x0000000719f00000, 0x0000000719f00000|100%|HC|  |TAMS 0x0000000719e00000, 0x0000000719f00000| Complete 
| 361|0x0000000719f00000, 0x000000071a000000, 0x000000071a000000|100%|HC|  |TAMS 0x0000000719f00000, 0x000000071a000000| Complete 
| 362|0x000000071a000000, 0x000000071a100000, 0x000000071a100000|100%|HC|  |TAMS 0x000000071a000000, 0x000000071a100000| Complete 
| 363|0x000000071a100000, 0x000000071a200000, 0x000000071a200000|100%|HC|  |TAMS 0x000000071a100000, 0x000000071a200000| Complete 
| 364|0x000000071a200000, 0x000000071a300000, 0x000000071a300000|100%|HC|  |TAMS 0x000000071a200000, 0x000000071a300000| Complete 
| 365|0x000000071a300000, 0x000000071a400000, 0x000000071a400000|100%|HC|  |TAMS 0x000000071a300000, 0x000000071a400000| Complete 
| 366|0x000000071a400000, 0x000000071a500000, 0x000000071a500000|100%|HC|  |TAMS 0x000000071a400000, 0x000000071a500000| Complete 
| 367|0x000000071a500000, 0x000000071a600000, 0x000000071a600000|100%|HC|  |TAMS 0x000000071a500000, 0x000000071a600000| Complete 
| 368|0x000000071a600000, 0x000000071a700000, 0x000000071a700000|100%|HC|  |TAMS 0x000000071a600000, 0x000000071a700000| Complete 
| 369|0x000000071a700000, 0x000000071a800000, 0x000000071a800000|100%|HC|  |TAMS 0x000000071a700000, 0x000000071a800000| Complete 
| 370|0x000000071a800000, 0x000000071a900000, 0x000000071a900000|100%|HC|  |TAMS 0x000000071a800000, 0x000000071a900000| Complete 
| 371|0x000000071a900000, 0x000000071a912480, 0x000000071aa00000|  7%| S|CS|TAMS 0x000000071a900000, 0x000000071a900000| Complete 
| 372|0x000000071aa00000, 0x000000071ab00000, 0x000000071ab00000|100%| S|CS|TAMS 0x000000071aa00000, 0x000000071aa00000| Complete 

Card table byte_map: [0x0000013fddc40000,0x0000013fde430000] _byte_map_base: 0x0000013fda425000

Marking Bits (Prev, Next): (CMBitMap*) 0x0000013fc5a0cde0, (CMBitMap*) 0x0000013fc5a0cda8
 Prev Bits: [0x0000013fe2b50000, 0x0000013fe6a78000)
 Next Bits: [0x0000013fdec20000, 0x0000013fe2b48000)

Polling page: 0x0000013fc3920000

Metaspace:

Usage:
  Non-class:      5.66 MB capacity,     5.53 MB ( 98%) used,   122.04 KB (  2%) free+waste,    19.13 KB ( <1%) overhead. 
      Class:    688.00 KB capacity,   601.63 KB ( 87%) used,    75.56 KB ( 11%) free+waste,    10.81 KB (  2%) overhead. 
       Both:      6.33 MB capacity,     6.11 MB ( 96%) used,   197.60 KB (  3%) free+waste,    29.94 KB ( <1%) overhead. 

Virtual space:
  Non-class space:        8.00 MB reserved,       5.75 MB ( 72%) committed 
      Class space:        1.00 GB reserved,     768.00 KB ( <1%) committed 
             Both:        1.01 GB reserved,       6.50 MB ( <1%) committed 

Chunk freelists:
   Non-Class:  25.00 KB
       Class:  0 bytes
        Both:  25.00 KB

MaxMetaspaceSize: 17179869184.00 GB
CompressedClassSpaceSize: 1.00 GB
Initial GC threshold: 20.80 MB
Current GC threshold: 20.80 MB
CDS: off

CodeHeap 'non-profiled nmethods': size=120000Kb used=182Kb max_used=182Kb free=119817Kb
 bounds [0x0000013fd5bf0000, 0x0000013fd5e60000, 0x0000013fdd120000]
CodeHeap 'profiled nmethods': size=120000Kb used=829Kb max_used=829Kb free=119171Kb
 bounds [0x0000013fce6c0000, 0x0000013fce930000, 0x0000013fd5bf0000]
CodeHeap 'non-nmethods': size=5760Kb used=1102Kb max_used=1120Kb free=4657Kb
 bounds [0x0000013fce120000, 0x0000013fce390000, 0x0000013fce6c0000]
 total_blobs=846 nmethods=515 adapters=244
 compilation: enabled
              stopped_count=0, restarted_count=0
 full_count=0

Compilation events (20 events):
Event: 0.338 Thread 0x0000013fe9f0e000  508       3       java.lang.Integer::valueOf (32 bytes)
Event: 0.338 Thread 0x0000013fe9eff000  484       4       java.lang.StringLatin1::replace (196 bytes)
Event: 0.338 Thread 0x0000013fe9f0e000 nmethod 508 0x0000013fce77d510 code [0x0000013fce77d6e0, 0x0000013fce77d9f8]
Event: 0.349 Thread 0x0000013fe9f0e000  511 %     3       org.example.codingDProblems.DProblems::moveAllZerosToEnd @ 366 (408 bytes)
Event: 0.351 Thread 0x0000013fe9eff000 nmethod 484 0x0000013fd5c17910 code [0x0000013fd5c17ac0, 0x0000013fd5c17fb8]
Event: 0.351 Thread 0x0000013fe9eff000  489       4       jdk.internal.org.objectweb.asm.ByteVector::putShort (52 bytes)
Event: 0.353 Thread 0x0000013fe9eff000 nmethod 489 0x0000013fd5c18210 code [0x0000013fd5c183c0, 0x0000013fd5c18548]
Event: 0.353 Thread 0x0000013fe9eff000  464       4       jdk.internal.org.objectweb.asm.Item::isEqualTo (354 bytes)
Event: 0.360 Thread 0x0000013fe9eff000 nmethod 464 0x0000013fd5c18690 code [0x0000013fd5c18860, 0x0000013fd5c19038]
Event: 0.360 Thread 0x0000013fe9eff000  509       4       java.util.ArrayList::add (25 bytes)
Event: 0.362 Thread 0x0000013fe9f0e000 nmethod 511% 0x0000013fce77db90 code [0x0000013fce77e9e0, 0x0000013fce78b808]
Event: 0.366 Thread 0x0000013fe9eff000 nmethod 509 0x0000013fd5c19390 code [0x0000013fd5c19540, 0x0000013fd5c19a08]
Event: 0.366 Thread 0x0000013fe9eff000  510       4       java.lang.Integer::valueOf (32 bytes)
Event: 0.366 Thread 0x0000013fe9eff000 nmethod 510 0x0000013fd5c19c10 code [0x0000013fd5c19da0, 0x0000013fd5c19e18]
Event: 0.367 Thread 0x0000013fe9eff000  512 %     4       org.example.codingDProblems.DProblems::moveAllZerosToEnd @ 366 (408 bytes)
Event: 0.377 Thread 0x0000013fe9eff000 nmethod 512% 0x0000013fd5c19f10 code [0x0000013fd5c1a0c0, 0x0000013fd5c1a708]
Event: 0.378 Thread 0x0000013fe9eff000  513       4       org.example.codingDProblems.DProblems::moveAllZerosToEnd (408 bytes)
Event: 0.441 Thread 0x0000013fe9eff000 nmethod 513 0x0000013fd5c1aa90 code [0x0000013fd5c1ae40, 0x0000013fd5c1c718]
Event: 0.926 Thread 0x0000013fe9f0e000  515   !   3       java.lang.ref.ReferenceQueue::enqueue (119 bytes)
Event: 0.927 Thread 0x0000013fe9f0e000 nmethod 515 0x0000013fce78e890 code [0x0000013fce78ea80, 0x0000013fce78f248]

GC Heap History (8 events):
Event: 0.654 GC heap before
{Heap before GC invocations=0 (full 0):
 garbage-first heap   total 260096K, used 116736K [0x0000000703600000, 0x0000000800000000)
  region size 1024K, 6 young (6144K), 0 survivors (0K)
 Metaspace       used 6257K, capacity 6487K, committed 6656K, reserved 1056768K
  class space    used 601K, capacity 688K, committed 768K, reserved 1048576K
}
Event: 0.893 GC heap after
{Heap after GC invocations=1 (full 0):
 garbage-first heap   total 260096K, used 113679K [0x0000000703600000, 0x0000000800000000)
  region size 1024K, 2 young (2048K), 2 survivors (2048K)
 Metaspace       used 6257K, capacity 6487K, committed 6656K, reserved 1056768K
  class space    used 601K, capacity 688K, committed 768K, reserved 1048576K
}
Event: 1.186 GC heap before
{Heap before GC invocations=2 (full 0):
 garbage-first heap   total 260096K, used 92175K [0x0000000703600000, 0x0000000800000000)
  region size 1024K, 2 young (2048K), 2 survivors (2048K)
 Metaspace       used 6259K, capacity 6487K, committed 6656K, reserved 1056768K
  class space    used 601K, capacity 688K, committed 768K, reserved 1048576K
}
Event: 1.431 GC heap after
{Heap after GC invocations=3 (full 0):
 garbage-first heap   total 260096K, used 92261K [0x0000000703600000, 0x0000000800000000)
  region size 1024K, 2 young (2048K), 2 survivors (2048K)
 Metaspace       used 6259K, capacity 6487K, committed 6656K, reserved 1056768K
  class space    used 601K, capacity 688K, committed 768K, reserved 1048576K
}
Event: 1.870 GC heap before
{Heap before GC invocations=4 (full 0):
 garbage-first heap   total 260096K, used 137317K [0x0000000703600000, 0x0000000800000000)
  region size 1024K, 2 young (2048K), 2 survivors (2048K)
 Metaspace       used 6259K, capacity 6487K, committed 6656K, reserved 1056768K
  class space    used 601K, capacity 688K, committed 768K, reserved 1048576K
}
Event: 2.292 GC heap after
{Heap after GC invocations=5 (full 0):
 garbage-first heap   total 260096K, used 137280K [0x0000000703600000, 0x0000000800000000)
  region size 1024K, 2 young (2048K), 2 survivors (2048K)
 Metaspace       used 6259K, capacity 6487K, committed 6656K, reserved 1056768K
  class space    used 601K, capacity 688K, committed 768K, reserved 1048576K
}
Event: 2.979 GC heap before
{Heap before GC invocations=6 (full 0):
 garbage-first heap   total 381952K, used 204864K [0x0000000703600000, 0x0000000800000000)
  region size 1024K, 2 young (2048K), 2 survivors (2048K)
 Metaspace       used 6259K, capacity 6487K, committed 6656K, reserved 1056768K
  class space    used 601K, capacity 688K, committed 768K, reserved 1048576K
}
Event: 3.496 GC heap after
{Heap after GC invocations=7 (full 0):
 garbage-first heap   total 381952K, used 204873K [0x0000000703600000, 0x0000000800000000)
  region size 1024K, 2 young (2048K), 2 survivors (2048K)
 Metaspace       used 6259K, capacity 6487K, committed 6656K, reserved 1056768K
  class space    used 601K, capacity 688K, committed 768K, reserved 1048576K
}

Deoptimization events (6 events):
Event: 0.119 Thread 0x0000013fc59a7000 Uncommon trap: trap_request=0xffffff4d fr.pc=0x0000013fd5bf44a8 relative=0x0000000000000188
Event: 0.119 Thread 0x0000013fc59a7000 Uncommon trap: reason=unstable_if action=reinterpret pc=0x0000013fd5bf44a8 method=java.lang.String.hashCode()I @ 14 c2
Event: 0.119 Thread 0x0000013fc59a7000 DEOPT PACKING pc=0x0000013fd5bf44a8 sp=0x00000004d19fd7a0
Event: 0.119 Thread 0x0000013fc59a7000 DEOPT UNPACKING pc=0x0000013fce1285af sp=0x00000004d19fd738 mode 2
Event: 0.378 Thread 0x0000013fc59a7000 DEOPT PACKING pc=0x0000013fce78b40b sp=0x00000004d19ff230
Event: 0.378 Thread 0x0000013fc59a7000 DEOPT UNPACKING pc=0x0000013fce169d0e sp=0x00000004d19fe870 mode 0

Classes redefined (0 events):
No events

Internal exceptions (18 events):
Event: 0.184 Thread 0x0000013fc59a7000 Exception <a 'java/lang/NoSuchMethodError'{0x0000000713298af8}: 'long java.lang.invoke.DirectMethodHandle$Holder.invokeStatic(java.lang.Object, java.lang.Object)'> (0x0000000713298af8) thrown at [./src/hotspot/share/interpreter/linkResolver.cpp, line 773]
Event: 0.201 Thread 0x0000013fc59a7000 Exception <a 'java/lang/NoSuchMethodError'{0x00000007132d1060}: 'int java.lang.invoke.DirectMethodHandle$Holder.invokeSpecialIFC(java.lang.Object, java.lang.Object, java.lang.Object, java.lang.Object)'> (0x00000007132d1060) thrown at [./src/hotspot/share/interpreter/linkResolver.cpp, line 773]
Event: 0.241 Thread 0x0000013fc59a7000 Exception <a 'java/lang/NoSuchMethodError'{0x000000071314b8b8}: 'java.lang.Object java.lang.invoke.DirectMethodHandle$Holder.invokeStatic(java.lang.Object, java.lang.Object, java.lang.Object, java.lang.Object, java.lang.Object, java.lang.Object, java.lang.Object, java.lang.Object, int)'> (0x000000071314b8b8) thrown at [./src/hotspot/share/interpreter/linkResolver.cpp, line 773]
Event: 0.244 Thread 0x0000013fc59a7000 Exception <a 'java/lang/NoSuchMethodError'{0x0000000713165a48}: 'java.lang.Object java.lang.invoke.DirectMethodHandle$Holder.invokeStatic(java.lang.Object, java.lang.Object, java.lang.Object, java.lang.Object, java.lang.Object, java.lang.Object, java.lang.Object, java.lang.Object, int, int)'> (0x0000000713165a48) thrown at [./src/hotspot/share/interpreter/linkResolver.cpp, line 773]
Event: 0.248 Thread 0x0000013fc59a7000 Exception <a 'java/lang/NoSuchMethodError'{0x0000000713181890}: 'java.lang.Object java.lang.invoke.DirectMethodHandle$Holder.invokeStatic(java.lang.Object, java.lang.Object, java.lang.Object, java.lang.Object, java.lang.Object, java.lang.Object, java.lang.Object, java.lang.Object, int, int, java.lang.Object)'> (0x0000000713181890) thrown at [./src/hotspot/share/interpreter/linkResolver.cpp, line 773]
Event: 0.252 Thread 0x0000013fc59a7000 Exception <a 'java/lang/NoSuchMethodError'{0x000000071318f328}: 'void java.lang.invoke.DirectMethodHandle$Holder.invokeVirtual(java.lang.Object, java.lang.Object, int)'> (0x000000071318f328) thrown at [./src/hotspot/share/interpreter/linkResolver.cpp, line 773]
Event: 0.284 Thread 0x0000013fc59a7000 Exception <a 'java/lang/NoSuchMethodError'{0x0000000713021930}: 'java.lang.Object java.lang.invoke.DirectMethodHandle$Holder.invokeStatic(java.lang.Object, java.lang.Object, java.lang.Object, java.lang.Object, java.lang.Object, java.lang.Object, java.lang.Object, java.lang.Object, java.lang.Object, java.lang.Object, java.lang.Object, java.lang.Object, java.lang.Object, java.lang.Object, java.lang.Object)'> (0x0000000713021930) thrown at [./src/hotspot/share/interpreter/linkResolver.cpp, line 773]
Event: 0.286 Thread 0x0000013fc59a7000 Exception <a 'java/lang/NoSuchMethodError'{0x000000071302f698}: 'java.lang.Object java.lang.invoke.DirectMethodHandle$Holder.invokeStatic(java.lang.Object, java.lang.Object, java.lang.Object, java.lang.Object, java.lang.Object, java.lang.Object, java.lang.Object, java.lang.Object, java.lang.Object, java.lang.Object, java.lang.Object, java.lang.Object, java.lang.Object, java.lang.Object, java.lang.Object, java.lang.Object)'> (0x000000071302f698) thrown at [./src/hotspot/share/interpreter/linkResolver.cpp, l
Event: 0.288 Thread 0x0000013fc59a7000 Exception <a 'java/lang/NoSuchMethodError'{0x000000071303d3c8}: 'java.lang.Object java.lang.invoke.DirectMethodHandle$Holder.invokeSpecial(java.lang.Object, java.lang.Object, int, int, java.lang.Object, java.lang.Object, java.lang.Object)'> (0x000000071303d3c8) thrown at [./src/hotspot/share/interpreter/linkResolver.cpp, line 773]
Event: 0.289 Thread 0x0000013fc59a7000 Exception <a 'java/lang/NoSuchMethodError'{0x0000000713040958}: 'java.lang.Object java.lang.invoke.DelegatingMethodHandle$Holder.reinvoke_L(java.lang.Object, int, int, java.lang.Object, java.lang.Object, java.lang.Object)'> (0x0000000713040958) thrown at [./src/hotspot/share/interpreter/linkResolver.cpp, line 773]
Event: 0.290 Thread 0x0000013fc59a7000 Exception <a 'java/lang/NoSuchMethodError'{0x000000071304e8c8}: 'java.lang.Object java.lang.invoke.DirectMethodHandle$Holder.invokeStatic(java.lang.Object, java.lang.Object, java.lang.Object, java.lang.Object, java.lang.Object, java.lang.Object, int)'> (0x000000071304e8c8) thrown at [./src/hotspot/share/interpreter/linkResolver.cpp, line 773]
Event: 0.317 Thread 0x0000013fc59a7000 Exception <a 'java/lang/NoSuchMethodError'{0x0000000712f07e50}: 'java.lang.Object java.lang.invoke.DirectMethodHandle$Holder.invokeSpecial(java.lang.Object, java.lang.Object, int, int, int, java.lang.Object, java.lang.Object, java.lang.Object)'> (0x0000000712f07e50) thrown at [./src/hotspot/share/interpreter/linkResolver.cpp, line 773]
Event: 0.317 Thread 0x0000013fc59a7000 Exception <a 'java/lang/NoSuchMethodError'{0x0000000712f0b1e8}: 'java.lang.Object java.lang.invoke.DelegatingMethodHandle$Holder.reinvoke_L(java.lang.Object, int, int, int, java.lang.Object, java.lang.Object, java.lang.Object)'> (0x0000000712f0b1e8) thrown at [./src/hotspot/share/interpreter/linkResolver.cpp, line 773]
Event: 0.318 Thread 0x0000013fc59a7000 Exception <a 'java/lang/NoSuchMethodError'{0x0000000712f123b8}: 'java.lang.Object java.lang.invoke.DirectMethodHandle$Holder.invokeStatic(java.lang.Object, java.lang.Object, java.lang.Object, java.lang.Object, java.lang.Object, int)'> (0x0000000712f123b8) thrown at [./src/hotspot/share/interpreter/linkResolver.cpp, line 773]
Event: 0.321 Thread 0x0000013fc59a7000 Exception <a 'java/lang/NoSuchMethodError'{0x0000000712f281f0}: 'java.lang.Object java.lang.invoke.DirectMethodHandle$Holder.invokeStatic(java.lang.Object, java.lang.Object, java.lang.Object, java.lang.Object, java.lang.Object, int, int)'> (0x0000000712f281f0) thrown at [./src/hotspot/share/interpreter/linkResolver.cpp, line 773]
Event: 0.323 Thread 0x0000013fc59a7000 Exception <a 'java/lang/NoSuchMethodError'{0x0000000712f3eb10}: 'java.lang.Object java.lang.invoke.DirectMethodHandle$Holder.invokeStatic(java.lang.Object, java.lang.Object, java.lang.Object, java.lang.Object, java.lang.Object, int, int, java.lang.Object)'> (0x0000000712f3eb10) thrown at [./src/hotspot/share/interpreter/linkResolver.cpp, line 773]
Event: 0.326 Thread 0x0000013fc59a7000 Exception <a 'java/lang/NoSuchMethodError'{0x0000000712f56b20}: 'java.lang.Object java.lang.invoke.DirectMethodHandle$Holder.invokeStatic(java.lang.Object, java.lang.Object, java.lang.Object, java.lang.Object, java.lang.Object, int, int, java.lang.Object, java.lang.Object)'> (0x0000000712f56b20) thrown at [./src/hotspot/share/interpreter/linkResolver.cpp, line 773]
Event: 0.327 Thread 0x0000013fc59a7000 Exception <a 'java/lang/NoSuchMethodError'{0x0000000712f70810}: 'java.lang.Object java.lang.invoke.DirectMethodHandle$Holder.invokeStatic(java.lang.Object, java.lang.Object, java.lang.Object, java.lang.Object, java.lang.Object, int, int, java.lang.Object, java.lang.Object, java.lang.Object)'> (0x0000000712f70810) thrown at [./src/hotspot/share/interpreter/linkResolver.cpp, line 773]

Events (20 events):
Event: 0.654 Executing VM operation: G1CollectForAllocation
Event: 0.894 Executing VM operation: G1CollectForAllocation done
Event: 1.009 Executing VM operation: CGC_Operation
Event: 1.070 Executing VM operation: CGC_Operation done
Event: 1.156 Executing VM operation: CGC_Operation
Event: 1.156 Executing VM operation: CGC_Operation done
Event: 1.186 Executing VM operation: G1CollectForAllocation
Event: 1.431 Executing VM operation: G1CollectForAllocation done
Event: 1.572 Executing VM operation: CGC_Operation
Event: 1.614 Executing VM operation: CGC_Operation done
Event: 1.831 Executing VM operation: CGC_Operation
Event: 1.832 Executing VM operation: CGC_Operation done
Event: 1.870 Executing VM operation: G1CollectForAllocation
Event: 2.292 Executing VM operation: G1CollectForAllocation done
Event: 2.493 Executing VM operation: CGC_Operation
Event: 2.620 Executing VM operation: CGC_Operation done
Event: 2.956 Executing VM operation: CGC_Operation
Event: 2.956 Executing VM operation: CGC_Operation done
Event: 2.979 Executing VM operation: G1CollectForAllocation
Event: 3.496 Executing VM operation: G1CollectForAllocation done


Dynamic libraries:
0x00007ff7a29b0000 - 0x00007ff7a29bd000 	C:\Users\User\.jdks\corretto-11.0.17\bin\java.exe
0x00007ffbcd950000 - 0x00007ffbcdb64000 	C:\WINDOWS\SYSTEM32\ntdll.dll
0x00007ffbcc2a0000 - 0x00007ffbcc362000 	C:\WINDOWS\System32\KERNEL32.DLL
0x00007ffbcb090000 - 0x00007ffbcb42c000 	C:\WINDOWS\System32\KERNELBASE.dll
0x00007ffbcb460000 - 0x00007ffbcb571000 	C:\WINDOWS\System32\ucrtbase.dll
0x00007ffbb8850000 - 0x00007ffbb8869000 	C:\Users\User\.jdks\corretto-11.0.17\bin\VCRUNTIME140.dll
0x00007ffbc4470000 - 0x00007ffbc4487000 	C:\Users\User\.jdks\corretto-11.0.17\bin\jli.dll
0x00007ffbcbeb0000 - 0x00007ffbcc05b000 	C:\WINDOWS\System32\USER32.dll
0x00007ffbb3bc0000 - 0x00007ffbb3e4e000 	C:\WINDOWS\WinSxS\amd64_microsoft.windows.common-controls_6595b64144ccf1df_6.0.22621.608_none_a9444ca7c10bb01d\COMCTL32.dll
0x00007ffbcb430000 - 0x00007ffbcb456000 	C:\WINDOWS\System32\win32u.dll
0x00007ffbcc1f0000 - 0x00007ffbcc297000 	C:\WINDOWS\System32\msvcrt.dll
0x00007ffbcbe80000 - 0x00007ffbcbea9000 	C:\WINDOWS\System32\GDI32.dll
0x00007ffbcae50000 - 0x00007ffbcaf63000 	C:\WINDOWS\System32\gdi32full.dll
0x00007ffbcaff0000 - 0x00007ffbcb08a000 	C:\WINDOWS\System32\msvcp_win.dll
0x00007ffbcbca0000 - 0x00007ffbcbcd1000 	C:\WINDOWS\System32\IMM32.DLL
0x00007ffb8f210000 - 0x00007ffb8f2ab000 	C:\Users\User\.jdks\corretto-11.0.17\bin\msvcp140.dll
0x00007ffb14050000 - 0x00007ffb14bd5000 	C:\Users\User\.jdks\corretto-11.0.17\bin\server\jvm.dll
0x00007ffbcb860000 - 0x00007ffbcb90e000 	C:\WINDOWS\System32\ADVAPI32.dll
0x00007ffbcc5b0000 - 0x00007ffbcc654000 	C:\WINDOWS\System32\sechost.dll
0x00007ffbcc6c0000 - 0x00007ffbcc7d7000 	C:\WINDOWS\System32\RPCRT4.dll
0x00007ffbcd7d0000 - 0x00007ffbcd7d8000 	C:\WINDOWS\System32\PSAPI.DLL
0x00007ffbc4c10000 - 0x00007ffbc4c19000 	C:\WINDOWS\SYSTEM32\WSOCK32.dll
0x00007ffbc3760000 - 0x00007ffbc3794000 	C:\WINDOWS\SYSTEM32\WINMM.dll
0x00007ffbcc160000 - 0x00007ffbcc1d1000 	C:\WINDOWS\System32\WS2_32.dll
0x00007ffbc1dc0000 - 0x00007ffbc1dca000 	C:\WINDOWS\SYSTEM32\VERSION.dll
0x00007ffbc9da0000 - 0x00007ffbc9db8000 	C:\WINDOWS\SYSTEM32\kernel.appcore.dll
0x00007ffbc1810000 - 0x00007ffbc1820000 	C:\Users\User\.jdks\corretto-11.0.17\bin\verify.dll
0x00007ffbc8660000 - 0x00007ffbc888e000 	C:\WINDOWS\SYSTEM32\DBGHELP.DLL
0x00007ffbcb910000 - 0x00007ffbcbc99000 	C:\WINDOWS\System32\combase.dll
0x00007ffbcc980000 - 0x00007ffbcca57000 	C:\WINDOWS\System32\OLEAUT32.dll
0x00007ffbc2130000 - 0x00007ffbc2162000 	C:\WINDOWS\SYSTEM32\dbgcore.DLL
0x00007ffbcaf70000 - 0x00007ffbcafeb000 	C:\WINDOWS\System32\bcryptPrimitives.dll
0x00007ffbb68e0000 - 0x00007ffbb6908000 	C:\Users\User\.jdks\corretto-11.0.17\bin\java.dll
0x00007ffbc15f0000 - 0x00007ffbc15fa000 	C:\Users\User\.jdks\corretto-11.0.17\bin\jimage.dll
0x00007ffbb6980000 - 0x00007ffbb6998000 	C:\Users\User\.jdks\corretto-11.0.17\bin\zip.dll
0x00007ffbccf30000 - 0x00007ffbcd720000 	C:\WINDOWS\System32\SHELL32.dll
0x00007ffbc8d50000 - 0x00007ffbc961d000 	C:\WINDOWS\SYSTEM32\windows.storage.dll
0x00007ffbc8c10000 - 0x00007ffbc8d4e000 	C:\WINDOWS\SYSTEM32\wintypes.dll
0x00007ffbcb760000 - 0x00007ffbcb851000 	C:\WINDOWS\System32\SHCORE.dll
0x00007ffbcbd70000 - 0x00007ffbcbdce000 	C:\WINDOWS\System32\shlwapi.dll
0x00007ffbcacc0000 - 0x00007ffbcace1000 	C:\WINDOWS\SYSTEM32\profapi.dll

dbghelp: loaded successfully - version: 4.0.5 - missing functions: none
symbol engine: initialized successfully - sym options: 0x614 - pdb path: .;C:\Users\User\.jdks\corretto-11.0.17\bin;C:\WINDOWS\SYSTEM32;C:\WINDOWS\WinSxS\amd64_microsoft.windows.common-controls_6595b64144ccf1df_6.0.22621.608_none_a9444ca7c10bb01d;C:\Users\User\.jdks\corretto-11.0.17\bin\server

VM Arguments:
jvm_args: -Dfile.encoding=windows-1252 -Duser.country=US -Duser.language=en -Duser.variant 
java_command: org.example.Main
java_class_path (initial): D:\IntelSushil\coreJavaConcepts\build\classes\java\main;D:\IntelSushil\coreJavaConcepts\build\resources\main
Launcher Type: SUN_STANDARD

[Global flags]
     intx CICompilerCount                          = 4                                         {product} {ergonomic}
     uint ConcGCThreads                            = 2                                         {product} {ergonomic}
     uint G1ConcRefinementThreads                  = 8                                         {product} {ergonomic}
   size_t G1HeapRegionSize                         = 1048576                                   {product} {ergonomic}
    uintx GCDrainStackTargetSize                   = 64                                        {product} {ergonomic}
   size_t InitialHeapSize                          = 266338304                                 {product} {ergonomic}
   size_t MarkStackSize                            = 4194304                                   {product} {ergonomic}
   size_t MaxHeapSize                              = 4238344192                                {product} {ergonomic}
   size_t MaxNewSize                               = 2542796800                                {product} {ergonomic}
   size_t MinHeapDeltaBytes                        = 1048576                                   {product} {ergonomic}
    uintx NonNMethodCodeHeapSize                   = 5836300                                {pd product} {ergonomic}
    uintx NonProfiledCodeHeapSize                  = 122910970                              {pd product} {ergonomic}
    uintx ProfiledCodeHeapSize                     = 122910970                              {pd product} {ergonomic}
    uintx ReservedCodeCacheSize                    = 251658240                              {pd product} {ergonomic}
     bool SegmentedCodeCache                       = true                                      {product} {ergonomic}
     bool UseCompressedClassPointers               = true                                 {lp64_product} {ergonomic}
     bool UseCompressedOops                        = true                                 {lp64_product} {ergonomic}
     bool UseG1GC                                  = true                                      {product} {ergonomic}
     bool UseLargePagesIndividualAllocation        = false                                  {pd product} {ergonomic}

Logging:
Log output configuration:
 #0: stdout all=warning uptime,level,tags
 #1: stderr all=off uptime,level,tags

Environment Variables:
PATH=C:\Program Files\Microsoft\jdk-11.0.12.7-hotspot\bin;C:\WINDOWS\system32;C:\WINDOWS;C:\WINDOWS\System32\Wbem;C:\WINDOWS\System32\WindowsPowerShell\v1.0\;C:\WINDOWS\System32\OpenSSH\;C:\Program Files\Git\cmd;C:\Program Files\dotnet\;C:\Program Files\Microsoft SQL Server\150\Tools\Binn\;C:\Program Files\Microsoft SQL Server\Client SDK\ODBC\170\Tools\Binn\;C:\Program Files\MySQL\MySQL Server 8.0\bin;C:\Program Files (x86)\Microsoft SQL Server\150\Tools\Binn\;C:\Program Files\Microsoft SQL Server\150\DTS\Binn\;C:\Program Files (x86)\Microsoft SQL Server\160\DTS\Binn\;C:\Program Files\Azure Data Studio\bin;C:\Program Files\Docker\Docker\resources\bin;C:\Program Files\MongoDB\Server\6.0\bin;C:\mongoShell\mongosh-1.8.0-win32-x64\mongosh-1.8.0-win32-x64\bin;C:\Program Files\MySQL\MySQL Shell 8.0\bin\;C:\Users\User\AppData\Local\Microsoft\WindowsApps;C:\Program Files\JetBrains\IntelliJ IDEA Community Edition 2022.2.3\bin;;C:\Users\User\AppData\Local\GitHubDesktop\bin;C:\Users\User\AppData\Local\Programs\Microsoft VS Code\bin;C:\Users\User\.dotnet\tools;D:\tools\gradle-7.6-bin\gradle-7.6\bin;;C:\Program Files\Azure Data Studio\bin
USERNAME=User
OS=Windows_NT
PROCESSOR_IDENTIFIER=Intel64 Family 6 Model 140 Stepping 1, GenuineIntel
TMP=C:\Users\User\AppData\Local\Temp
TEMP=C:\Users\User\AppData\Local\Temp



---------------  S Y S T E M  ---------------

OS: Windows 11 , 64 bit Build 22621 (10.0.22621.1485)
OS uptime: 6 days 8:55 hours
Hyper-V role detected

CPU:total 8 (initial active 8) (4 cores per cpu, 2 threads per core) family 6 model 140 stepping 1 microcode 0x8a, cmov, cx8, fxsr, mmx, sse, sse2, sse3, ssse3, sse4.1, sse4.2, popcnt, avx, avx2, aes, clmul, erms, 3dnowpref, lzcnt, ht, tsc, tscinvbit, bmi1, bmi2, adx, evex, sha, fma

Memory: 4k page, system-wide physical 16167M (65M free)
TotalPageFile size 53667M (AvailPageFile size 9M)
current process WorkingSet (physical memory assigned to process): 414M, peak: 414M
current process commit charge ("private bytes"): 470M, peak: 649M

vm_info: OpenJDK 64-Bit Server VM (11.0.17+8-LTS) for windows-amd64 JRE (11.0.17+8-LTS), built on Oct 14 2022 18:02:01 by "Administrator" with MS VC++ 15.9 (VS2017)

END.
